#
# A fatal error has been detected by the Java Runtime Environment:
#
#  EXCEPTION_ACCESS_VIOLATION (0xc0000005) at pc=0x000000001972156c, pid=1228, tid=6300
#
# JRE version: Java(TM) SE Runtime Environment (7.0_51-b13) (build 1.7.0_51-b13)
# Java VM: Java HotSpot(TM) 64-Bit Server VM (24.51-b03 mixed mode windows-amd64 compressed oops)
# Problematic frame:
# C  [atio6axx.dll+0x156c]
#
# Failed to write core dump. Minidumps are not enabled by default on client versions of Windows
#
# If you would like to submit a bug report, please visit:
#   http://bugreport.sun.com/bugreport/crash.jsp
# The crash happened outside the Java Virtual Machine in native code.
# See problematic frame for where to report the bug.
#

---------------  T H R E A D  ---------------

Current thread (0x0000000011a49000):  JavaThread "AWT-EventQueue-0" [_thread_in_native, id=6300, stack(0x0000000017030000,0x0000000017130000)]

siginfo: ExceptionCode=0xc0000005, reading address 0x0000000023816000

Registers:
RAX=0x0000000000000028, RBX=0x0000000023815ff0, RCX=0x0000000023815fb0, RDX=0x0000000000000028
RSP=0x000000001712ca80, RBP=0x000000000000176f, RSI=0x0000000000000000, RDI=0x0000000033912580
R8 =0x0000000000000050, R9 =0x0000000000001770, R10=0x0000000023814ba0, R11=0x0000000033911100
R12=0x0000000000000050, R13=0x0000000000000080, R14=0x0000000000001770, R15=0x000000000000008c
RIP=0x000000001972156c, EFLAGS=0x0000000000010297

Top of Stack: (sp=0x000000001712ca80)
0x000000001712ca80:   0000000000010000 0000000000000000
0x000000001712ca90:   0000000000000000 0000000000000000
0x000000001712caa0:   0674580000000000 000000001fb26000
0x000000001712cab0:   0000000000000050 0000000000000000
0x000000001712cac0:   000000002d1d0000 000000001b79b510
0x000000001712cad0:   0000000000001500 000000001712cf80
0x000000001712cae0:   000000001621c400 000000001b78d3e0
0x000000001712caf0:   000000001712cc00 000000001a084d87
0x000000001712cb00:   000000002d1d0000 0000000000000080
0x000000001712cb10:   000000001712d300 000000001b9b0030
0x000000001712cb20:   0000000000004650 0000000000004680
0x000000001712cb30:   000000003f800000 00000000008d02c0
0x000000001712cb40:   00000000008d88fc 00000000008d88c0
0x000000001712cb50:   000000000000a000 000000001b378000
0x000000001712cb60:   00000001008d0001 0000000000001500
0x000000001712cb70:   000000002d1d0000 0000000000000000 

Instructions: (pc=0x000000001972156c)
0x000000001972154c:   0f 18 83 00 04 00 00 0f 18 83 40 04 00 00 0f 18
0x000000001972155c:   83 80 05 00 00 0f 18 83 c0 05 00 00 f3 0f 6f 03
0x000000001972156c:   f3 0f 6f 5b 10 f3 0f 6f 53 20 48 8d 43 70 48 8d
0x000000001972157c:   4b 40 ff c2 f3 0f 6f 4b 30 f3 0f 7f 07 f3 0f 7f 


Register to memory mapping:

RAX=0x0000000000000028 is an unknown value
RBX=0x0000000023815ff0 is an unknown value
RCX=0x0000000023815fb0 is an unknown value
RDX=0x0000000000000028 is an unknown value
RSP=0x000000001712ca80 is pointing into the stack for thread: 0x0000000011a49000
RBP=0x000000000000176f is an unknown value
RSI=0x0000000000000000 is an unknown value
RDI=0x0000000033912580 is an unknown value
R8 =0x0000000000000050 is an unknown value
R9 =0x0000000000001770 is an unknown value
R10=0x0000000023814ba0 is an unknown value
R11=0x0000000033911100 is an unknown value
R12=0x0000000000000050 is an unknown value
R13=0x0000000000000080 is an unknown value
R14=0x0000000000001770 is an unknown value
R15=0x000000000000008c is an unknown value


Stack: [0x0000000017030000,0x0000000017130000],  sp=0x000000001712ca80,  free space=1010k
Native frames: (J=compiled Java code, j=interpreted, Vv=VM code, C=native code)
C  [atio6axx.dll+0x156c]

Java frames: (J=compiled Java code, j=interpreted, Vv=VM code)
j  jogamp.opengl.gl4.GL4bcImpl.dispatch_glTexSubImage2D1(IIIIIIIILjava/lang/Object;IZJ)V+0
j  jogamp.opengl.gl4.GL4bcImpl.glTexSubImage2D(IIIIIIIILjava/nio/Buffer;)V+128
j  com.jogamp.opengl.util.texture.Texture.updateSubImageImpl(Ljavax/media/opengl/GL;Lcom/jogamp/opengl/util/texture/TextureData;IIIIIIII)V+715
j  com.jogamp.opengl.util.texture.Texture.updateImage(Ljavax/media/opengl/GL;Lcom/jogamp/opengl/util/texture/TextureData;I)V+1124
j  com.jogamp.opengl.util.texture.Texture.updateImage(Ljavax/media/opengl/GL;Lcom/jogamp/opengl/util/texture/TextureData;)V+4
j  com.jogamp.opengl.util.texture.Texture.<init>(Ljavax/media/opengl/GL;Lcom/jogamp/opengl/util/texture/TextureData;)V+12
j  com.jogamp.opengl.util.texture.TextureIO.newTexture(Ljavax/media/opengl/GL;Lcom/jogamp/opengl/util/texture/TextureData;)Lcom/jogamp/opengl/util/texture/Texture;+20
j  com.jogamp.opengl.util.texture.TextureIO.newTexture(Ljava/io/File;Z)Lcom/jogamp/opengl/util/texture/Texture;+26
j  TheCanvas.textureInit()V+129
j  TheCanvas.init(Ljavax/media/opengl/GLAutoDrawable;)V+104
j  jogamp.opengl.GLDrawableHelper.init(Ljavax/media/opengl/GLEventListener;Ljavax/media/opengl/GLAutoDrawable;ZZ)V+2
j  jogamp.opengl.GLDrawableHelper.init(Ljavax/media/opengl/GLAutoDrawable;Z)V+73
j  javax.media.opengl.awt.GLCanvas$9.run()V+26
j  jogamp.opengl.GLDrawableHelper.invokeGLImpl(Ljavax/media/opengl/GLDrawable;Ljavax/media/opengl/GLContext;Ljava/lang/Runnable;Ljava/lang/Runnable;)V+200
j  jogamp.opengl.GLDrawableHelper.invokeGL(Ljavax/media/opengl/GLDrawable;Ljavax/media/opengl/GLContext;Ljava/lang/Runnable;Ljava/lang/Runnable;)V+80
j  javax.media.opengl.awt.GLCanvas$11.run()V+73
j  java.awt.event.InvocationEvent.dispatch()V+11
j  java.awt.EventQueue.dispatchEventImpl(Ljava/awt/AWTEvent;Ljava/lang/Object;)V+21
j  java.awt.EventQueue.access$200(Ljava/awt/EventQueue;Ljava/awt/AWTEvent;Ljava/lang/Object;)V+3
j  java.awt.EventQueue$3.run()Ljava/lang/Void;+12
j  java.awt.EventQueue$3.run()Ljava/lang/Object;+1
v  ~StubRoutines::call_stub
j  java.security.AccessController.doPrivileged(Ljava/security/PrivilegedAction;Ljava/security/AccessControlContext;)Ljava/lang/Object;+0
j  java.security.ProtectionDomain$1.doIntersectionPrivilege(Ljava/security/PrivilegedAction;Ljava/security/AccessControlContext;Ljava/security/AccessControlContext;)Ljava/lang/Object;+28
j  java.awt.EventQueue.dispatchEvent(Ljava/awt/AWTEvent;)V+46
j  java.awt.EventDispatchThread.pumpOneEventForFilters(I)V+245
j  java.awt.EventDispatchThread.pumpEventsForFilter(ILjava/awt/Conditional;Ljava/awt/EventFilter;)V+35
j  java.awt.EventDispatchThread.pumpEventsForHierarchy(ILjava/awt/Conditional;Ljava/awt/Component;)V+11
j  java.awt.EventDispatchThread.pumpEvents(ILjava/awt/Conditional;)V+4
j  java.awt.EventDispatchThread.pumpEvents(Ljava/awt/Conditional;)V+3
j  java.awt.EventDispatchThread.run()V+9
v  ~StubRoutines::call_stub

---------------  P R O C E S S  ---------------

Java Threads: ( => current thread )
  0x00000000164aa000 JavaThread "AWT-EventQueue-0-FPSAWTAnimator-Timer0" [_thread_blocked, id=8396, stack(0x000000001ce30000,0x000000001cf30000)]
  0x00000000187c4800 JavaThread "AWT-EventQueue-0-SharedResourceRunner" daemon [_thread_blocked, id=6452, stack(0x0000000016e20000,0x0000000016f20000)]
  0x0000000011b40800 JavaThread "D3D Screen Updater" daemon [_thread_blocked, id=8036, stack(0x0000000017750000,0x0000000017850000)]
  0x0000000011ae4800 JavaThread "TimerQueue" daemon [_thread_blocked, id=5528, stack(0x0000000017410000,0x0000000017510000)]
  0x00000000024e0800 JavaThread "DestroyJavaVM" [_thread_blocked, id=1220, stack(0x0000000002360000,0x0000000002460000)]
=>0x0000000011a49000 JavaThread "AWT-EventQueue-0" [_thread_in_native, id=6300, stack(0x0000000017030000,0x0000000017130000)]
  0x00000000118f4000 JavaThread "AWT-Windows" daemon [_thread_in_native, id=9124, stack(0x0000000012a90000,0x0000000012b90000)]
  0x00000000118f3800 JavaThread "AWT-Shutdown" [_thread_blocked, id=6656, stack(0x0000000012990000,0x0000000012a90000)]
  0x00000000118c6800 JavaThread "Java2D Disposer" daemon [_thread_blocked, id=2984, stack(0x0000000012890000,0x0000000012990000)]
  0x00000000025d2000 JavaThread "Service Thread" daemon [_thread_blocked, id=9120, stack(0x0000000012070000,0x0000000012170000)]
  0x00000000025cf000 JavaThread "C2 CompilerThread1" daemon [_thread_blocked, id=8632, stack(0x0000000011f70000,0x0000000012070000)]
  0x00000000025cd000 JavaThread "C2 CompilerThread0" daemon [_thread_blocked, id=3792, stack(0x0000000011e70000,0x0000000011f70000)]
  0x00000000025cc000 JavaThread "Attach Listener" daemon [_thread_blocked, id=4056, stack(0x0000000011d70000,0x0000000011e70000)]
  0x0000000011890800 JavaThread "Signal Dispatcher" daemon [_thread_blocked, id=8504, stack(0x0000000011c70000,0x0000000011d70000)]
  0x000000000f88f000 JavaThread "Finalizer" daemon [_thread_blocked, id=4028, stack(0x0000000011770000,0x0000000011870000)]
  0x000000000f886800 JavaThread "Reference Handler" daemon [_thread_blocked, id=6424, stack(0x0000000011670000,0x0000000011770000)]

Other Threads:
  0x000000000f885000 VMThread [stack: 0x0000000011570000,0x0000000011670000] [id=5092]
  0x00000000025d9800 WatcherThread [stack: 0x0000000012170000,0x0000000012270000] [id=8584]

VM state:not at safepoint (normal execution)

VM Mutex/Monitor currently owned by a thread: None

Heap
 PSYoungGen      total 348160K, used 245780K [0x00000007aae00000, 0x00000007cc380000, 0x0000000800000000)
  eden space 201216K, 52% used [0x00000007aae00000,0x00000007b14ed1e8,0x00000007b7280000)
  from space 146944K, 95% used [0x00000007c2d80000,0x00000007cb698000,0x00000007cbd00000)
  to   space 172544K, 0% used [0x00000007b7280000,0x00000007b7280000,0x00000007c1b00000)
 ParOldGen       total 565760K, used 328428K [0x0000000700a00000, 0x0000000723280000, 0x00000007aae00000)
  object space 565760K, 58% used [0x0000000700a00000,0x0000000714abb0f0,0x0000000723280000)
 PSPermGen       total 37376K, used 16637K [0x00000006fb800000, 0x00000006fdc80000, 0x0000000700a00000)
  object space 37376K, 44% used [0x00000006fb800000,0x00000006fc83f4b8,0x00000006fdc80000)

Card table byte_map: [0x00000000056a0000,0x0000000005ed0000] byte_map_base: 0x0000000001ec4000

Polling page: 0x00000000022f0000

Code Cache  [0x00000000025e0000, 0x0000000002850000, 0x00000000055e0000)
 total_blobs=943 nmethods=156 adapters=739 free_code_cache=48105Kb largest_free_block=49232320

Compilation events (10 events):
Event: 4.890 Thread 0x00000000025cf000 nmethod 150 0x00000000026dad50 code [0x00000000026dae80, 0x00000000026daed8]
Event: 4.890 Thread 0x00000000025cf000  153             jogamp.opengl.util.jpeg.JPEGDecoder::clampTo8bit (26 bytes)
Event: 4.890 Thread 0x00000000025cf000 nmethod 153 0x00000000026d8f50 code [0x00000000026d90a0, 0x00000000026d9118]
Event: 4.890 Thread 0x00000000025cd000 nmethod 151 0x00000000026d8cd0 code [0x00000000026d8e00, 0x00000000026d8e98]
Event: 4.892 Thread 0x00000000025cd000  154             com.jogamp.opengl.util.texture.spi.JPEGImage$JPEGColorSink::storeRGB (67 bytes)
Event: 4.893 Thread 0x00000000025cd000 nmethod 154 0x00000000026d9990 code [0x00000000026d9ae0, 0x00000000026d9c58]
Event: 4.893 Thread 0x00000000025cf000  155 %s          jogamp.opengl.util.jpeg.JPEGDecoder::getPixel @ 623 (1523 bytes)
Event: 4.912 Thread 0x00000000025cf000 nmethod 155% 0x00000000026e8a10 code [0x00000000026e8c60, 0x00000000026e9f88]
Event: 5.217 Thread 0x00000000025cd000  156             jogamp.opengl.util.jpeg.JPEGDecoder$ComponentOut::getLine (31 bytes)
Event: 5.218 Thread 0x00000000025cd000 nmethod 156 0x00000000026d9590 code [0x00000000026d96e0, 0x00000000026d97d8]

GC Heap History (10 events):
Event: 3.551 GC heap before
{Heap before GC invocations=4 (full 1):
 PSYoungGen      total 76800K, used 10720K [0x00000007aae00000, 0x00000007b4400000, 0x0000000800000000)
  eden space 66048K, 0% used [0x00000007aae00000,0x00000007aae00000,0x00000007aee80000)
  from space 10752K, 99% used [0x00000007aee80000,0x00000007af8f8020,0x00000007af900000)
  to   space 10752K, 0% used [0x00000007b3980000,0x00000007b3980000,0x00000007b4400000)
 ParOldGen       total 174080K, used 137144K [0x0000000700a00000, 0x000000070b400000, 0x00000007aae00000)
  object space 174080K, 78% used [0x0000000700a00000,0x0000000708fee318,0x000000070b400000)
 PSPermGen       total 21504K, used 16599K [0x00000006fb800000, 0x00000006fcd00000, 0x0000000700a00000)
  object space 21504K, 77% used [0x00000006fb800000,0x00000006fc835fb8,0x00000006fcd00000)
Event: 3.661 GC heap after
Heap after GC invocations=4 (full 1):
 PSYoungGen      total 76800K, used 0K [0x00000007aae00000, 0x00000007b4400000, 0x0000000800000000)
  eden space 66048K, 0% used [0x00000007aae00000,0x00000007aae00000,0x00000007aee80000)
  from space 10752K, 0% used [0x00000007aee80000,0x00000007aee80000,0x00000007af900000)
  to   space 10752K, 0% used [0x00000007b3980000,0x00000007b3980000,0x00000007b4400000)
 ParOldGen       total 312320K, used 146219K [0x0000000700a00000, 0x0000000713b00000, 0x00000007aae00000)
  object space 312320K, 46% used [0x0000000700a00000,0x00000007098caca0,0x0000000713b00000)
 PSPermGen       total 33280K, used 16595K [0x00000006fb800000, 0x00000006fd880000, 0x0000000700a00000)
  object space 33280K, 49% used [0x00000006fb800000,0x00000006fc834c48,0x00000006fd880000)
}
Event: 3.671 GC heap before
{Heap before GC invocations=5 (full 1):
 PSYoungGen      total 76800K, used 66048K [0x00000007aae00000, 0x00000007b4400000, 0x0000000800000000)
  eden space 66048K, 100% used [0x00000007aae00000,0x00000007aee80000,0x00000007aee80000)
  from space 10752K, 0% used [0x00000007aee80000,0x00000007aee80000,0x00000007af900000)
  to   space 10752K, 0% used [0x00000007b3980000,0x00000007b3980000,0x00000007b4400000)
 ParOldGen       total 312320K, used 146219K [0x0000000700a00000, 0x0000000713b00000, 0x00000007aae00000)
  object space 312320K, 46% used [0x0000000700a00000,0x00000007098caca0,0x0000000713b00000)
 PSPermGen       total 33280K, used 16595K [0x00000006fb800000, 0x00000006fd880000, 0x0000000700a00000)
  object space 33280K, 49% used [0x00000006fb800000,0x00000006fc834c48,0x00000006fd880000)
Event: 3.688 GC heap after
Heap after GC invocations=5 (full 1):
 PSYoungGen      total 137728K, used 10752K [0x00000007aae00000, 0x00000007b4400000, 0x0000000800000000)
  eden space 126976K, 0% used [0x00000007aae00000,0x00000007aae00000,0x00000007b2a00000)
  from space 10752K, 100% used [0x00000007b3980000,0x00000007b4400000,0x00000007b4400000)
  to   space 10752K, 0% used [0x00000007b2f00000,0x00000007b2f00000,0x00000007b3980000)
 ParOldGen       total 312320K, used 200171K [0x0000000700a00000, 0x0000000713b00000, 0x00000007aae00000)
  object space 312320K, 64% used [0x0000000700a00000,0x000000070cd7aca0,0x0000000713b00000)
 PSPermGen       total 33280K, used 16595K [0x00000006fb800000, 0x00000006fd880000, 0x0000000700a00000)
  object space 33280K, 49% used [0x00000006fb800000,0x00000006fc834c48,0x00000006fd880000)
}
Event: 3.712 GC heap before
{Heap before GC invocations=6 (full 1):
 PSYoungGen      total 137728K, used 137728K [0x00000007aae00000, 0x00000007b4400000, 0x0000000800000000)
  eden space 126976K, 100% used [0x00000007aae00000,0x00000007b2a00000,0x00000007b2a00000)
  from space 10752K, 100% used [0x00000007b3980000,0x00000007b4400000,0x00000007b4400000)
  to   space 10752K, 0% used [0x00000007b2f00000,0x00000007b2f00000,0x00000007b3980000)
 ParOldGen       total 312320K, used 200171K [0x0000000700a00000, 0x0000000713b00000, 0x00000007aae00000)
  object space 312320K, 64% used [0x0000000700a00000,0x000000070cd7aca0,0x0000000713b00000)
 PSPermGen       total 33280K, used 16595K [0x00000006fb800000, 0x00000006fd880000, 0x0000000700a00000)
  object space 33280K, 49% used [0x00000006fb800000,0x00000006fc834c48,0x00000006fd880000)
Event: 3.748 GC heap after
Heap after GC invocations=6 (full 1):
 PSYoungGen      total 142848K, used 10752K [0x00000007aae00000, 0x00000007cbd00000, 0x0000000800000000)
  eden space 132096K, 0% used [0x00000007aae00000,0x00000007aae00000,0x00000007b2f00000)
  from space 10752K, 100% used [0x00000007b2f00000,0x00000007b3980000,0x00000007b3980000)
  to   space 146944K, 0% used [0x00000007c2d80000,0x00000007c2d80000,0x00000007cbd00000)
 ParOldGen       total 328704K, used 328355K [0x0000000700a00000, 0x0000000714b00000, 0x00000007aae00000)
  object space 328704K, 99% used [0x0000000700a00000,0x0000000714aa8ca0,0x0000000714b00000)
 PSPermGen       total 33280K, used 16595K [0x00000006fb800000, 0x00000006fd880000, 0x0000000700a00000)
  object space 33280K, 49% used [0x00000006fb800000,0x00000006fc834c48,0x00000006fd880000)
}
Event: 3.748 GC heap before
{Heap before GC invocations=7 (full 2):
 PSYoungGen      total 142848K, used 10752K [0x00000007aae00000, 0x00000007cbd00000, 0x0000000800000000)
  eden space 132096K, 0% used [0x00000007aae00000,0x00000007aae00000,0x00000007b2f00000)
  from space 10752K, 100% used [0x00000007b2f00000,0x00000007b3980000,0x00000007b3980000)
  to   space 146944K, 0% used [0x00000007c2d80000,0x00000007c2d80000,0x00000007cbd00000)
 ParOldGen       total 328704K, used 328355K [0x0000000700a00000, 0x0000000714b00000, 0x00000007aae00000)
  object space 328704K, 99% used [0x0000000700a00000,0x0000000714aa8ca0,0x0000000714b00000)
 PSPermGen       total 33280K, used 16595K [0x00000006fb800000, 0x00000006fd880000, 0x0000000700a00000)
  object space 33280K, 49% used [0x00000006fb800000,0x00000006fc834c48,0x00000006fd880000)
Event: 3.865 GC heap after
Heap after GC invocations=7 (full 2):
 PSYoungGen      total 142848K, used 7636K [0x00000007aae00000, 0x00000007cbd00000, 0x0000000800000000)
  eden space 132096K, 0% used [0x00000007aae00000,0x00000007aae00000,0x00000007b2f00000)
  from space 10752K, 71% used [0x00000007b2f00000,0x00000007b36750f0,0x00000007b3980000)
  to   space 146944K, 0% used [0x00000007c2d80000,0x00000007c2d80000,0x00000007cbd00000)
 ParOldGen       total 565760K, used 328428K [0x0000000700a00000, 0x0000000723280000, 0x00000007aae00000)
  object space 565760K, 58% used [0x0000000700a00000,0x0000000714abb0f0,0x0000000723280000)
 PSPermGen       total 37376K, used 16595K [0x00000006fb800000, 0x00000006fdc80000, 0x0000000700a00000)
  object space 37376K, 44% used [0x00000006fb800000,0x00000006fc834c48,0x00000006fdc80000)
}
Event: 4.336 GC heap before
{Heap before GC invocations=8 (full 2):
 PSYoungGen      total 142848K, used 139732K [0x00000007aae00000, 0x00000007cbd00000, 0x0000000800000000)
  eden space 132096K, 100% used [0x00000007aae00000,0x00000007b2f00000,0x00000007b2f00000)
  from space 10752K, 71% used [0x00000007b2f00000,0x00000007b36750f0,0x00000007b3980000)
  to   space 146944K, 0% used [0x00000007c2d80000,0x00000007c2d80000,0x00000007cbd00000)
 ParOldGen       total 565760K, used 328428K [0x0000000700a00000, 0x0000000723280000, 0x00000007aae00000)
  object space 565760K, 58% used [0x0000000700a00000,0x0000000714abb0f0,0x0000000723280000)
 PSPermGen       total 37376K, used 16610K [0x00000006fb800000, 0x00000006fdc80000, 0x0000000700a00000)
  object space 37376K, 44% used [0x00000006fb800000,0x00000006fc838898,0x00000006fdc80000)
Event: 4.380 GC heap after
Heap after GC invocations=8 (full 2):
 PSYoungGen      total 348160K, used 140384K [0x00000007aae00000, 0x00000007cc380000, 0x0000000800000000)
  eden space 201216K, 0% used [0x00000007aae00000,0x00000007aae00000,0x00000007b7280000)
  from space 146944K, 95% used [0x00000007c2d80000,0x00000007cb698000,0x00000007cbd00000)
  to   space 172544K, 0% used [0x00000007b7280000,0x00000007b7280000,0x00000007c1b00000)
 ParOldGen       total 565760K, used 328428K [0x0000000700a00000, 0x0000000723280000, 0x00000007aae00000)
  object space 565760K, 58% used [0x0000000700a00000,0x0000000714abb0f0,0x0000000723280000)
 PSPermGen       total 37376K, used 16610K [0x00000006fb800000, 0x00000006fdc80000, 0x0000000700a00000)
  object space 37376K, 44% used [0x00000006fb800000,0x00000006fc838898,0x00000006fdc80000)
}

Deoptimization events (4 events):
Event: 2.494 Thread 0x0000000011a49000 Uncommon trap: reason=unloaded action=reinterpret pc=0x00000000026837b8 method=HeightMapEngine.createHeightMap(Ljava/lang/String;)V @ 114
Event: 2.597 Thread 0x0000000011a49000 Uncommon trap: reason=unreached action=reinterpret pc=0x0000000002670034 method=java.lang.ThreadLocal$ThreadLocalMap.getEntry(Ljava/lang/ThreadLocal;)Ljava/lang/ThreadLocal$ThreadLocalMap$Entry; @ 21
Event: 2.606 Thread 0x0000000011a49000 Uncommon trap: reason=unreached action=reinterpret pc=0x0000000002674944 method=java.lang.ThreadLocal$ThreadLocalMap.getEntry(Ljava/lang/ThreadLocal;)Ljava/lang/ThreadLocal$ThreadLocalMap$Entry; @ 21
Event: 3.172 Thread 0x00000000187c4800 Uncommon trap: reason=unreached action=reinterpret pc=0x00000000026c81c4 method=java.lang.Class.searchFields([Ljava/lang/reflect/Field;Ljava/lang/String;)Ljava/lang/reflect/Field; @ 23

Internal exceptions (10 events):
Event: 3.475 Thread 0x0000000011a49000 Threw 0x00000007ae6adc08 at C:\re\jdk7u51\527\hotspot\src\share\vm\prims\jvm.cpp:1244
Event: 3.475 Thread 0x0000000011a49000 Threw 0x00000007ae6b0478 at C:\re\jdk7u51\527\hotspot\src\share\vm\prims\jvm.cpp:1244
Event: 3.475 Thread 0x0000000011a49000 Threw 0x00000007ae6b3768 at C:\re\jdk7u51\527\hotspot\src\share\vm\prims\jvm.cpp:1244
Event: 3.475 Thread 0x0000000011a49000 Threw 0x00000007ae6b80c0 at C:\re\jdk7u51\527\hotspot\src\share\vm\prims\jvm.cpp:1244
Event: 3.476 Thread 0x0000000011a49000 Threw 0x00000007ae6bde80 at C:\re\jdk7u51\527\hotspot\src\share\vm\prims\jvm.cpp:1244
Event: 3.884 Thread 0x0000000011a49000 Threw 0x00000007b29421a8 at C:\re\jdk7u51\527\hotspot\src\share\vm\prims\jvm.cpp:1244
Event: 4.281 Thread 0x0000000011a49000 Threw 0x00000007b2947218 at C:\re\jdk7u51\527\hotspot\src\share\vm\prims\jvm.cpp:1244
Event: 5.465 Thread 0x0000000011a49000 Threw 0x00000007b1078620 at C:\re\jdk7u51\527\hotspot\src\share\vm\prims\jvm.cpp:1244
Event: 5.466 Thread 0x0000000011a49000 Threw 0x00000007b107c2f0 at C:\re\jdk7u51\527\hotspot\src\share\vm\prims\jvm.cpp:1244
Event: 5.467 Thread 0x0000000011a49000 Threw 0x00000007b1082858 at C:\re\jdk7u51\527\hotspot\src\share\vm\prims\jvm.cpp:1244

Events (10 events):
Event: 4.380 Executing VM operation: RevokeBias
Event: 4.380 Executing VM operation: RevokeBias done
Event: 4.380 Executing VM operation: RevokeBias
Event: 4.380 Executing VM operation: RevokeBias done
Event: 5.465 loading class 0x000000001686a190
Event: 5.465 loading class 0x000000001686a190 done
Event: 5.466 loading class 0x0000000011c57f40
Event: 5.466 loading class 0x0000000011c57f40 done
Event: 5.467 loading class 0x000000001647c980
Event: 5.467 loading class 0x000000001647c980 done


Dynamic libraries:
0x000007f6b8a80000 - 0x000007f6b8ab3000 	C:\Program Files\Java\jdk1.7.0_51\bin\java.exe
0x000007ffde090000 - 0x000007ffde250000 	C:\Windows\SYSTEM32\ntdll.dll
0x000007ffdbd60000 - 0x000007ffdbe96000 	C:\Windows\system32\KERNEL32.DLL
0x000007ffdb280000 - 0x000007ffdb373000 	C:\Windows\system32\KERNELBASE.dll
0x000007ffd9d30000 - 0x000007ffd9dcf000 	C:\Windows\system32\apphelp.dll
0x000007ffdded0000 - 0x000007ffddfae000 	C:\Windows\system32\ADVAPI32.dll
0x000007ffdb8d0000 - 0x000007ffdba1c000 	C:\Windows\system32\USER32.dll
0x000007ffd8930000 - 0x000007ffd8b9a000 	C:\Windows\WinSxS\amd64_microsoft.windows.common-controls_6595b64144ccf1df_6.0.9200.16579_none_418ab7ef718b27ef\COMCTL32.dll
0x000007ffddfd0000 - 0x000007ffde075000 	C:\Windows\system32\msvcrt.dll
0x000007ffdc0d0000 - 0x000007ffdc118000 	C:\Windows\SYSTEM32\sechost.dll
0x000007ffdc240000 - 0x000007ffdc385000 	C:\Windows\system32\RPCRT4.dll
0x000007ffddc00000 - 0x000007ffddd41000 	C:\Windows\system32\GDI32.dll
0x000007ffdbd20000 - 0x000007ffdbd59000 	C:\Windows\system32\IMM32.DLL
0x000007ffdc120000 - 0x000007ffdc236000 	C:\Windows\system32\MSCTF.dll
0x0000000065830000 - 0x0000000065902000 	C:\Program Files\Java\jdk1.7.0_51\jre\bin\msvcr100.dll
0x0000000065910000 - 0x00000000660d9000 	C:\Program Files\Java\jdk1.7.0_51\jre\bin\server\jvm.dll
0x000007ffc87c0000 - 0x000007ffc87c9000 	C:\Windows\SYSTEM32\WSOCK32.dll
0x000007ffd7c40000 - 0x000007ffd7c60000 	C:\Windows\SYSTEM32\WINMM.dll
0x000007ffde080000 - 0x000007ffde087000 	C:\Windows\system32\PSAPI.DLL
0x000007ffdc390000 - 0x000007ffdc3e8000 	C:\Windows\system32\WS2_32.dll
0x000007ffd7bc0000 - 0x000007ffd7bf3000 	C:\Windows\SYSTEM32\WINMMBASE.dll
0x000007ffdb760000 - 0x000007ffdb769000 	C:\Windows\system32\NSI.dll
0x000007ffdb430000 - 0x000007ffdb47f000 	C:\Windows\SYSTEM32\cfgmgr32.dll
0x000007ffdb380000 - 0x000007ffdb3a2000 	C:\Windows\system32\DEVOBJ.dll
0x00000000657e0000 - 0x00000000657ef000 	C:\Program Files\Java\jdk1.7.0_51\jre\bin\verify.dll
0x00000000657b0000 - 0x00000000657d8000 	C:\Program Files\Java\jdk1.7.0_51\jre\bin\java.dll
0x0000000065790000 - 0x00000000657a5000 	C:\Program Files\Java\jdk1.7.0_51\jre\bin\zip.dll
0x00000000655b0000 - 0x0000000065745000 	C:\Program Files\Java\jdk1.7.0_51\jre\bin\awt.dll
0x000007ffdbc30000 - 0x000007ffdbcf3000 	C:\Windows\system32\OLEAUT32.dll
0x000007ffdba80000 - 0x000007ffdbc30000 	C:\Windows\system32\combase.dll
0x000007ffd8fa0000 - 0x000007ffd8fc1000 	C:\Windows\system32\DWMAPI.DLL
0x000007ffd9dd0000 - 0x000007ffd9eb6000 	C:\Windows\system32\uxtheme.dll
0x00000000633f0000 - 0x0000000063424000 	C:\Fraps\fraps64.dll
0x000007ffddd50000 - 0x000007ffddece000 	C:\Windows\system32\ole32.dll
0x000007ffdad60000 - 0x000007ffdad6a000 	C:\Windows\SYSTEM32\CRYPTBASE.dll
0x000007ffdad00000 - 0x000007ffdad5c000 	C:\Windows\SYSTEM32\bcryptPrimitives.dll
0x000007ffbe250000 - 0x000007ffbe450000 	C:\Windows\system32\d3d9.dll
0x000007ffd8fd0000 - 0x000007ffd8fd9000 	C:\Windows\SYSTEM32\VERSION.dll
0x000007ffd7f30000 - 0x000007ffd8074000 	C:\Windows\SYSTEM32\aticfx64.dll
0x000007ffc9130000 - 0x000007ffc9150000 	C:\Windows\SYSTEM32\atiu9p64.dll
0x000007ffbdae0000 - 0x000007ffbe241000 	C:\Windows\SYSTEM32\atiumd64.dll
0x00000000660e0000 - 0x000000006696d000 	C:\Windows\SYSTEM32\atiumd6a.dll
0x000007ffdc3f0000 - 0x000007ffdd6cf000 	C:\Windows\system32\SHELL32.dll
0x000007ffddb00000 - 0x000007ffddb50000 	C:\Windows\system32\SHLWAPI.dll
0x000007ffd9a10000 - 0x000007ffd9aa5000 	C:\Windows\SYSTEM32\shcore.dll
0x0000000065560000 - 0x00000000655a7000 	C:\Program Files\Java\jdk1.7.0_51\jre\bin\fontmanager.dll
0x0000000065770000 - 0x0000000065789000 	C:\Program Files\Java\jdk1.7.0_51\jre\bin\net.dll
0x000007ffda770000 - 0x000007ffda7cc000 	C:\Windows\system32\mswsock.dll
0x0000000065750000 - 0x0000000065761000 	C:\Program Files\Java\jdk1.7.0_51\jre\bin\nio.dll
0x0000000065510000 - 0x0000000065551000 	C:\Program Files\Java\jdk1.7.0_51\jre\bin\t2k.dll
0x000007ffdb6c0000 - 0x000007ffdb756000 	C:\Windows\SYSTEM32\clbcatq.dll
0x000007ffd8280000 - 0x000007ffd8413000 	C:\Windows\SYSTEM32\WindowsCodecs.dll
0x000007ffdafb0000 - 0x000007ffdafc5000 	C:\Windows\system32\profapi.dll
0x000007ffda7d0000 - 0x000007ffda7ea000 	C:\Windows\SYSTEM32\CRYPTSP.dll
0x000007ffda470000 - 0x000007ffda4bb000 	C:\Windows\system32\rsaenh.dll
0x000007ffdb410000 - 0x000007ffdb42f000 	C:\Windows\system32\USERENV.dll
0x000007ffd1870000 - 0x000007ffd1884000 	C:\Windows\system32\napinsp.dll
0x000007ffd1890000 - 0x000007ffd18a8000 	C:\Windows\system32\pnrpnsp.dll
0x000007ffd9030000 - 0x000007ffd9046000 	C:\Windows\system32\NLAapi.dll
0x000007ffda5b0000 - 0x000007ffda648000 	C:\Windows\SYSTEM32\DNSAPI.dll
0x000007ffd1850000 - 0x000007ffd1862000 	C:\Windows\System32\winrnr.dll
0x000007ffd18b0000 - 0x000007ffd18c4000 	C:\Windows\system32\wshbth.dll
0x000007ffd3600000 - 0x000007ffd3608000 	C:\Windows\System32\rasadhlp.dll
0x000007ffd75d0000 - 0x000007ffd75fa000 	C:\Windows\SYSTEM32\IPHLPAPI.DLL
0x000007ffd7580000 - 0x000007ffd758a000 	C:\Windows\SYSTEM32\WINNSI.DLL
0x000007ffd7510000 - 0x000007ffd7571000 	C:\Windows\System32\fwpuclnt.dll
0x0000000016c00000 - 0x0000000016c0d000 	C:\Users\Dominikus\AppData\Local\Temp\jogamp_0000\file_cache\jln8883343545629307469\jln7351183814894238496\gluegen-rt.dll
0x0000000063430000 - 0x0000000063437000 	C:\Program Files\Java\jdk1.7.0_51\jre\bin\jawt.dll
0x000000006a440000 - 0x000000006a44d000 	C:\Users\Dominikus\AppData\Local\Temp\jogamp_0000\file_cache\jln8883343545629307469\jln7351183814894238496\nativewindow_awt.dll
0x000000006c100000 - 0x000000006c10f000 	C:\Users\Dominikus\AppData\Local\Temp\jogamp_0000\file_cache\jln8883343545629307469\jln7351183814894238496\nativewindow_win32.dll
0x000007ffcfe30000 - 0x000007ffcff4f000 	C:\Windows\SYSTEM32\OpenGL32.dll
0x000007ffd77a0000 - 0x000007ffd77cc000 	C:\Windows\SYSTEM32\GLU32.dll
0x000007ffbb810000 - 0x000007ffbb8fa000 	C:\Windows\SYSTEM32\DDRAW.dll
0x000007ffd8420000 - 0x000007ffd8428000 	C:\Windows\SYSTEM32\DCIMAN32.dll
0x0000000016d80000 - 0x0000000016e20000 	C:\Users\Dominikus\AppData\Local\Temp\jogamp_0000\file_cache\jln8883343545629307469\jln7351183814894238496\jogl_desktop.dll
0x000007ffd7320000 - 0x000007ffd7338000 	C:\Windows\SYSTEM32\atig6pxx.dll
0x0000000019720000 - 0x000000001b0c1000 	C:\Windows\SYSTEM32\atio6axx.dll
0x000007ffdb480000 - 0x000007ffdb650000 	C:\Windows\system32\SETUPAPI.dll
0x000007ffd9670000 - 0x000007ffd9798000 	C:\Windows\SYSTEM32\atiadlxx.dll
0x000007ffd4ef0000 - 0x000007ffd504a000 	C:\Windows\SYSTEM32\PROPSYS.dll
0x000007ffdae30000 - 0x000007ffdae41000 	C:\Windows\SYSTEM32\WTSAPI32.dll
0x000007ffdb3b0000 - 0x000007ffdb405000 	C:\Windows\system32\WINTRUST.dll
0x000007ffdaff0000 - 0x000007ffdb1c1000 	C:\Windows\system32\CRYPT32.dll
0x000007ffdafd0000 - 0x000007ffdafe6000 	C:\Windows\system32\MSASN1.dll
0x000007ffd7300000 - 0x000007ffd731e000 	C:\Windows\SYSTEM32\atig6txx.dll
0x000007ffd8460000 - 0x000007ffd85c3000 	C:\Windows\SYSTEM32\dbghelp.dll

VM Arguments:
jvm_args: -Dfile.encoding=UTF-8 -Djava.library.path=E:\Dominikus\Projects\Dropbox\private\Tugas_Akhir\Code\Setting_Up_JOGL_2\jogl-2.0\lib 
java_command: Main
Launcher Type: SUN_STANDARD

Environment Variables:
PATH=C:\Ruby200-x64\bin;C:\Program Files (x86)\Intel\iCLS Client\;C:\Program Files\Intel\iCLS Client\;C:\Windows\system32;C:\Windows;C:\Windows\System32\Wbem;C:\Windows\System32\WindowsPowerShell\v1.0\;C:\Program Files\Intel\Intel(R) Management Engine Components\DAL;C:\Program Files\Intel\Intel(R) Management Engine Components\IPT;C:\Program Files (x86)\Intel\Intel(R) Management Engine Components\DAL;C:\Program Files (x86)\Intel\Intel(R) Management Engine Components\IPT;C:\Program Files\Common Files\Autodesk Shared\;C:\Program Files (x86)\Autodesk\Backburner\;C:\Program Files (x86)\ATI Technologies\ATI.ACE\Core-Static
USERNAME=Dominikus
OS=Windows_NT
PROCESSOR_IDENTIFIER=Intel64 Family 6 Model 58 Stepping 9, GenuineIntel



---------------  S Y S T E M  ---------------

OS: Windows 8 , 64 bit Build 9200 

CPU:total 8 (4 cores per cpu, 2 threads per core) family 6 model 58 stepping 9, cmov, cx8, fxsr, mmx, sse, sse2, sse3, ssse3, sse4.1, sse4.2, popcnt, avx, aes, erms, ht, tsc, tscinvbit, tscinv

Memory: 4k page, physical 16733684k(5174272k free), swap 22500852k(3215644k free)

vm_info: Java HotSpot(TM) 64-Bit Server VM (24.51-b03) for windows-amd64 JRE (1.7.0_51-b13), built on Dec 18 2013 18:40:56 by "java_re" with unknown MS VC++:1600

time: Mon Apr 14 23:54:05 2014
elapsed time: 5 seconds

