#
# A fatal error has been detected by the Java Runtime Environment:
#
#  EXCEPTION_ACCESS_VIOLATION (0xc0000005) at pc=0x0000000019761963, pid=7596, tid=584
#
# JRE version: Java(TM) SE Runtime Environment (7.0_51-b13) (build 1.7.0_51-b13)
# Java VM: Java HotSpot(TM) 64-Bit Server VM (24.51-b03 mixed mode windows-amd64 compressed oops)
# Problematic frame:
# C  [atio6axx.dll+0x81963]
#
# Failed to write core dump. Minidumps are not enabled by default on client versions of Windows
#
# If you would like to submit a bug report, please visit:
#   http://bugreport.sun.com/bugreport/crash.jsp
# The crash happened outside the Java Virtual Machine in native code.
# See problematic frame for where to report the bug.
#

---------------  T H R E A D  ---------------

Current thread (0x00000000120f1800):  JavaThread "AWT-EventQueue-0" [_thread_in_native, id=584, stack(0x00000000168e0000,0x00000000169e0000)]

siginfo: ExceptionCode=0xc0000005, reading address 0x000000002a239030

Registers:
RAX=0x000000002a239040, RBX=0x000000003c690000, RCX=0x000000002a239030, RDX=0x000000002a239000
RSP=0x00000000169dc7b0, RBP=0x00000000169dc8e0, RSI=0x000000001601e170, RDI=0x000000000017ffa2
R8 =0x0000000000000000, R9 =0x0000000000180000, R10=0x000000004868d080, R11=0x000000001e23bf40
R12=0x00000000169dcc80, R13=0x0000000000001500, R14=0x000000001604b008, R15=0x000000003c690000
RIP=0x0000000019761963, EFLAGS=0x0000000000010203

Top of Stack: (sp=0x00000000169dc7b0)
0x00000000169dc7b0:   00000000163dca40 0000000000000001
0x00000000169dc7c0:   000000001b5d5ab0 000000001b5d5ab0
0x00000000169dc7d0:   00000000169dd0f0 000000001a11ad87
0x00000000169dc7e0:   000000001b5d5ab0 0000000000000000
0x00000000169dc7f0:   000000001604b008 00000000163dca40
0x00000000169dc800:   00000000169dc800 0000000000000000
0x00000000169dc810:   000000003f800000 00000000160c03d0
0x00000000169dc820:   0000000100000124 0000000000000000
0x00000000169dc830:   0000000200000002 0000000200000002
0x00000000169dc840:   0000000100000001 0000000100001500
0x00000000169dc850:   000000003c690000 0000000000000000
0x00000000169dc860:   0000001200000008 0000000000006000
0x00000000169dc870:   000000001601e170 0000000000000000
0x00000000169dc880:   0000600000000000 0000000100002000
0x00000000169dc890:   0000000000000001 ffffffffffffffff
0x00000000169dc8a0:   0000000000000000 0000000000000000 

Instructions: (pc=0x0000000019761963)
0x0000000019761943:   48 30 f3 41 0f 7f 02 f3 41 0f 7f 5a 10 48 8d 80
0x0000000019761953:   80 00 00 00 f3 41 0f 7f 52 20 f3 41 0f 7f 4a 30
0x0000000019761963:   f3 0f 6f 09 49 8d 4a 70 4d 8d 92 80 00 00 00 f3
0x0000000019761973:   0f 6f 58 d0 f3 0f 6f 50 e0 f3 0f 6f 02 f3 41 0f 


Register to memory mapping:

RAX=0x000000002a239040 is an unknown value
RBX=0x000000003c690000 is an unknown value
RCX=0x000000002a239030 is an unknown value
RDX=0x000000002a239000 is an unknown value
RSP=0x00000000169dc7b0 is pointing into the stack for thread: 0x00000000120f1800
RBP=0x00000000169dc8e0 is pointing into the stack for thread: 0x00000000120f1800
RSI=0x000000001601e170 is an unknown value
RDI=0x000000000017ffa2 is an unknown value
R8 =0x0000000000000000 is an unknown value
R9 =0x0000000000180000 is an unknown value
R10=0x000000004868d080 is an unknown value
R11=0x000000001e23bf40 is an unknown value
R12=0x00000000169dcc80 is pointing into the stack for thread: 0x00000000120f1800
R13=0x0000000000001500 is an unknown value
R14=0x000000001604b008 is an unknown value
R15=0x000000003c690000 is an unknown value


Stack: [0x00000000168e0000,0x00000000169e0000],  sp=0x00000000169dc7b0,  free space=1009k
Native frames: (J=compiled Java code, j=interpreted, Vv=VM code, C=native code)
C  [atio6axx.dll+0x81963]

Java frames: (J=compiled Java code, j=interpreted, Vv=VM code)
j  jogamp.opengl.gl4.GL4bcImpl.dispatch_glTexSubImage2D1(IIIIIIIILjava/lang/Object;IZJ)V+0
j  jogamp.opengl.gl4.GL4bcImpl.glTexSubImage2D(IIIIIIIILjava/nio/Buffer;)V+128
j  com.jogamp.opengl.util.texture.Texture.updateSubImageImpl(Ljavax/media/opengl/GL;Lcom/jogamp/opengl/util/texture/TextureData;IIIIIIII)V+715
j  com.jogamp.opengl.util.texture.Texture.updateImage(Ljavax/media/opengl/GL;Lcom/jogamp/opengl/util/texture/TextureData;I)V+1124
j  com.jogamp.opengl.util.texture.Texture.updateImage(Ljavax/media/opengl/GL;Lcom/jogamp/opengl/util/texture/TextureData;)V+4
j  com.jogamp.opengl.util.texture.Texture.<init>(Ljavax/media/opengl/GL;Lcom/jogamp/opengl/util/texture/TextureData;)V+12
j  com.jogamp.opengl.util.texture.TextureIO.newTexture(Ljavax/media/opengl/GL;Lcom/jogamp/opengl/util/texture/TextureData;)Lcom/jogamp/opengl/util/texture/Texture;+20
j  com.jogamp.opengl.util.texture.TextureIO.newTexture(Ljava/io/File;Z)Lcom/jogamp/opengl/util/texture/Texture;+26
j  TheCanvas.textureDefaultInit()V+269
j  TheCanvas.init(Ljavax/media/opengl/GLAutoDrawable;)V+134
j  jogamp.opengl.GLDrawableHelper.init(Ljavax/media/opengl/GLEventListener;Ljavax/media/opengl/GLAutoDrawable;ZZ)V+2
j  jogamp.opengl.GLDrawableHelper.init(Ljavax/media/opengl/GLAutoDrawable;Z)V+73
j  javax.media.opengl.awt.GLCanvas$9.run()V+26
j  jogamp.opengl.GLDrawableHelper.invokeGLImpl(Ljavax/media/opengl/GLDrawable;Ljavax/media/opengl/GLContext;Ljava/lang/Runnable;Ljava/lang/Runnable;)V+200
j  jogamp.opengl.GLDrawableHelper.invokeGL(Ljavax/media/opengl/GLDrawable;Ljavax/media/opengl/GLContext;Ljava/lang/Runnable;Ljava/lang/Runnable;)V+80
j  javax.media.opengl.awt.GLCanvas$11.run()V+73
j  java.awt.event.InvocationEvent.dispatch()V+11
j  java.awt.EventQueue.dispatchEventImpl(Ljava/awt/AWTEvent;Ljava/lang/Object;)V+21
j  java.awt.EventQueue.access$200(Ljava/awt/EventQueue;Ljava/awt/AWTEvent;Ljava/lang/Object;)V+3
j  java.awt.EventQueue$3.run()Ljava/lang/Void;+12
j  java.awt.EventQueue$3.run()Ljava/lang/Object;+1
v  ~StubRoutines::call_stub
j  java.security.AccessController.doPrivileged(Ljava/security/PrivilegedAction;Ljava/security/AccessControlContext;)Ljava/lang/Object;+0
j  java.security.ProtectionDomain$1.doIntersectionPrivilege(Ljava/security/PrivilegedAction;Ljava/security/AccessControlContext;Ljava/security/AccessControlContext;)Ljava/lang/Object;+28
j  java.awt.EventQueue.dispatchEvent(Ljava/awt/AWTEvent;)V+46
j  java.awt.EventDispatchThread.pumpOneEventForFilters(I)V+245
j  java.awt.EventDispatchThread.pumpEventsForFilter(ILjava/awt/Conditional;Ljava/awt/EventFilter;)V+35
j  java.awt.EventDispatchThread.pumpEventsForHierarchy(ILjava/awt/Conditional;Ljava/awt/Component;)V+11
j  java.awt.EventDispatchThread.pumpEvents(ILjava/awt/Conditional;)V+4
j  java.awt.EventDispatchThread.pumpEvents(Ljava/awt/Conditional;)V+3
j  java.awt.EventDispatchThread.run()V+9
v  ~StubRoutines::call_stub

---------------  P R O C E S S  ---------------

Java Threads: ( => current thread )
  0x0000000017472000 JavaThread "AWT-EventQueue-0-FPSAWTAnimator-Timer0" [_thread_blocked, id=7300, stack(0x0000000016610000,0x0000000016710000)]
  0x00000000171b4800 JavaThread "AWT-EventQueue-0-SharedResourceRunner" daemon [_thread_blocked, id=1476, stack(0x00000000195e0000,0x00000000196e0000)]
  0x00000000172bb800 JavaThread "D3D Screen Updater" daemon [_thread_blocked, id=2080, stack(0x0000000017940000,0x0000000017a40000)]
  0x000000001705a000 JavaThread "TimerQueue" daemon [_thread_blocked, id=6844, stack(0x00000000175c0000,0x00000000176c0000)]
  0x0000000002ba0800 JavaThread "DestroyJavaVM" [_thread_blocked, id=448, stack(0x0000000002aa0000,0x0000000002ba0000)]
=>0x00000000120f1800 JavaThread "AWT-EventQueue-0" [_thread_in_native, id=584, stack(0x00000000168e0000,0x00000000169e0000)]
  0x000000001204e000 JavaThread "AWT-Windows" daemon [_thread_in_native, id=2632, stack(0x0000000012f10000,0x0000000013010000)]
  0x0000000011f6c000 JavaThread "AWT-Shutdown" [_thread_blocked, id=5624, stack(0x0000000012e10000,0x0000000012f10000)]
  0x0000000011f6b800 JavaThread "Java2D Disposer" daemon [_thread_blocked, id=452, stack(0x0000000012d10000,0x0000000012e10000)]
  0x0000000002c9b000 JavaThread "Service Thread" daemon [_thread_blocked, id=7708, stack(0x0000000012710000,0x0000000012810000)]
  0x0000000002c91000 JavaThread "C2 CompilerThread1" daemon [_thread_blocked, id=8080, stack(0x0000000012610000,0x0000000012710000)]
  0x000000000ff5e800 JavaThread "C2 CompilerThread0" daemon [_thread_blocked, id=5616, stack(0x0000000012510000,0x0000000012610000)]
  0x000000000ff5d800 JavaThread "Attach Listener" daemon [_thread_blocked, id=6496, stack(0x0000000012410000,0x0000000012510000)]
  0x0000000011f30800 JavaThread "Signal Dispatcher" daemon [_thread_blocked, id=5168, stack(0x0000000012310000,0x0000000012410000)]
  0x000000000ff4e000 JavaThread "Finalizer" daemon [_thread_blocked, id=4948, stack(0x0000000011e10000,0x0000000011f10000)]
  0x000000000ff45800 JavaThread "Reference Handler" daemon [_thread_blocked, id=5692, stack(0x0000000011d10000,0x0000000011e10000)]

Other Threads:
  0x000000000ff44800 VMThread [stack: 0x0000000011c10000,0x0000000011d10000] [id=3864]
  0x0000000011f49800 WatcherThread [stack: 0x0000000012810000,0x0000000012910000] [id=5752]

VM state:not at safepoint (normal execution)

VM Mutex/Monitor currently owned by a thread: None

Heap
 PSYoungGen      total 342016K, used 243753K [0x00000007aae00000, 0x00000007d3a80000, 0x0000000800000000)
  eden space 212480K, 57% used [0x00000007aae00000,0x00000007b259d2a0,0x00000007b7d80000)
  from space 129536K, 93% used [0x00000007b7d80000,0x00000007bf3ed3a0,0x00000007bfc00000)
  to   space 159232K, 0% used [0x00000007c9f00000,0x00000007c9f00000,0x00000007d3a80000)
 ParOldGen       total 855040K, used 554844K [0x0000000700a00000, 0x0000000734d00000, 0x00000007aae00000)
  object space 855040K, 64% used [0x0000000700a00000,0x00000007227d73f0,0x0000000734d00000)
 PSPermGen       total 39424K, used 18120K [0x00000006fb800000, 0x00000006fde80000, 0x0000000700a00000)
  object space 39424K, 45% used [0x00000006fb800000,0x00000006fc9b2040,0x00000006fde80000)

Card table byte_map: [0x0000000005d60000,0x0000000006590000] byte_map_base: 0x0000000002584000

Polling page: 0x0000000002940000

Code Cache  [0x0000000002ca0000, 0x0000000002f10000, 0x0000000005ca0000)
 total_blobs=1013 nmethods=191 adapters=774 free_code_cache=47959Kb largest_free_block=49079168

Compilation events (10 events):
Event: 5.553 Thread 0x0000000002c91000 nmethod 188 0x0000000002db6e10 code [0x0000000002db6f60, 0x0000000002db71a8]
Event: 5.554 Thread 0x0000000002c91000  190             com.jogamp.opengl.util.PNGPixelRect::getPixelRGBSame (72 bytes)
Event: 5.556 Thread 0x0000000002c91000 nmethod 190 0x0000000002d1d590 code [0x0000000002d1d6e0, 0x0000000002d1d928]
Event: 5.564 Thread 0x000000000ff5e800 nmethod 189% 0x0000000002dcd910 code [0x0000000002dcdae0, 0x0000000002dcec90]
Event: 5.564 Thread 0x0000000002c91000  191 %           com.jogamp.opengl.util.PNGPixelRect::read @ 1184 (1309 bytes)
Event: 5.575 Thread 0x0000000002c91000 nmethod 191% 0x0000000002dcfc50 code [0x0000000002dcfe20, 0x0000000002dd0cf0]
Event: 5.602 Thread 0x000000000ff5e800  192             java.util.concurrent.locks.AbstractQueuedSynchronizer::getState (5 bytes)
Event: 5.602 Thread 0x000000000ff5e800 nmethod 192 0x0000000002d1dbd0 code [0x0000000002d1dd00, 0x0000000002d1dd58]
Event: 5.812 Thread 0x0000000002c91000  193             jogamp.opengl.util.pngj.PngDeinterlacer::getImageInt (5 bytes)
Event: 5.813 Thread 0x0000000002c91000 nmethod 193 0x0000000002d1d390 code [0x0000000002d1d4c0, 0x0000000002d1d538]

GC Heap History (10 events):
Event: 3.152 GC heap before
{Heap before GC invocations=6 (full 1):
 PSYoungGen      total 139776K, used 139736K [0x00000007aae00000, 0x00000007b4400000, 0x0000000800000000)
  eden space 129024K, 99% used [0x00000007aae00000,0x00000007b2bfd9f0,0x00000007b2c00000)
  from space 10752K, 99% used [0x00000007b3980000,0x00000007b43f86f0,0x00000007b4400000)
  to   space 10752K, 0% used [0x00000007b2f00000,0x00000007b2f00000,0x00000007b3980000)
 ParOldGen       total 302592K, used 193729K [0x0000000700a00000, 0x0000000713180000, 0x00000007aae00000)
  object space 302592K, 64% used [0x0000000700a00000,0x000000070c730690,0x0000000713180000)
 PSPermGen       total 36352K, used 18061K [0x00000006fb800000, 0x00000006fdb80000, 0x0000000700a00000)
  object space 36352K, 49% used [0x00000006fb800000,0x00000006fc9a3580,0x00000006fdb80000)
Event: 3.182 GC heap after
Heap after GC invocations=6 (full 1):
 PSYoungGen      total 142848K, used 10657K [0x00000007aae00000, 0x00000007c6e00000, 0x0000000800000000)
  eden space 132096K, 0% used [0x00000007aae00000,0x00000007aae00000,0x00000007b2f00000)
  from space 10752K, 99% used [0x00000007b2f00000,0x00000007b39686e0,0x00000007b3980000)
  to   space 102912K, 0% used [0x00000007c0980000,0x00000007c0980000,0x00000007c6e00000)
 ParOldGen       total 323072K, used 322390K [0x0000000700a00000, 0x0000000714580000, 0x00000007aae00000)
  object space 323072K, 99% used [0x0000000700a00000,0x00000007144d5a50,0x0000000714580000)
 PSPermGen       total 36352K, used 18061K [0x00000006fb800000, 0x00000006fdb80000, 0x0000000700a00000)
  object space 36352K, 49% used [0x00000006fb800000,0x00000006fc9a3580,0x00000006fdb80000)
}
Event: 3.182 GC heap before
{Heap before GC invocations=7 (full 2):
 PSYoungGen      total 142848K, used 10657K [0x00000007aae00000, 0x00000007c6e00000, 0x0000000800000000)
  eden space 132096K, 0% used [0x00000007aae00000,0x00000007aae00000,0x00000007b2f00000)
  from space 10752K, 99% used [0x00000007b2f00000,0x00000007b39686e0,0x00000007b3980000)
  to   space 102912K, 0% used [0x00000007c0980000,0x00000007c0980000,0x00000007c6e00000)
 ParOldGen       total 323072K, used 322390K [0x0000000700a00000, 0x0000000714580000, 0x00000007aae00000)
  object space 323072K, 99% used [0x0000000700a00000,0x00000007144d5a50,0x0000000714580000)
 PSPermGen       total 36352K, used 18061K [0x00000006fb800000, 0x00000006fdb80000, 0x0000000700a00000)
  object space 36352K, 49% used [0x00000006fb800000,0x00000006fc9a3580,0x00000006fdb80000)
Event: 3.254 GC heap after
Heap after GC invocations=7 (full 2):
 PSYoungGen      total 142848K, used 10081K [0x00000007aae00000, 0x00000007c6e00000, 0x0000000800000000)
  eden space 132096K, 0% used [0x00000007aae00000,0x00000007aae00000,0x00000007b2f00000)
  from space 10752K, 93% used [0x00000007b2f00000,0x00000007b38d8690,0x00000007b3980000)
  to   space 102912K, 0% used [0x00000007c0980000,0x00000007c0980000,0x00000007c6e00000)
 ParOldGen       total 555008K, used 322871K [0x0000000700a00000, 0x0000000722800000, 0x00000007aae00000)
  object space 555008K, 58% used [0x0000000700a00000,0x000000071454dc28,0x0000000722800000)
 PSPermGen       total 40960K, used 18061K [0x00000006fb800000, 0x00000006fe000000, 0x0000000700a00000)
  object space 40960K, 44% used [0x00000006fb800000,0x00000006fc9a3580,0x00000006fe000000)
}
Event: 3.268 GC heap before
{Heap before GC invocations=8 (full 2):
 PSYoungGen      total 142848K, used 142157K [0x00000007aae00000, 0x00000007c6e00000, 0x0000000800000000)
  eden space 132096K, 99% used [0x00000007aae00000,0x00000007b2efb120,0x00000007b2f00000)
  from space 10752K, 93% used [0x00000007b2f00000,0x00000007b38d8690,0x00000007b3980000)
  to   space 102912K, 0% used [0x00000007c0980000,0x00000007c0980000,0x00000007c6e00000)
 ParOldGen       total 555008K, used 322871K [0x0000000700a00000, 0x0000000722800000, 0x00000007aae00000)
  object space 555008K, 58% used [0x0000000700a00000,0x000000071454dc28,0x0000000722800000)
 PSPermGen       total 40960K, used 18061K [0x00000006fb800000, 0x00000006fe000000, 0x0000000700a00000)
  object space 40960K, 44% used [0x00000006fb800000,0x00000006fc9a3580,0x00000006fe000000)
Event: 3.299 GC heap after
Heap after GC invocations=8 (full 2):
 PSYoungGen      total 315392K, used 102864K [0x00000007aae00000, 0x00000007c7a80000, 0x0000000800000000)
  eden space 212480K, 0% used [0x00000007aae00000,0x00000007aae00000,0x00000007b7d80000)
  from space 102912K, 99% used [0x00000007c0980000,0x00000007c6df42e0,0x00000007c6e00000)
  to   space 129536K, 0% used [0x00000007b7d80000,0x00000007b7d80000,0x00000007bfc00000)
 ParOldGen       total 555008K, used 361373K [0x0000000700a00000, 0x0000000722800000, 0x00000007aae00000)
  object space 555008K, 65% used [0x0000000700a00000,0x0000000716ae7538,0x0000000722800000)
 PSPermGen       total 40960K, used 18061K [0x00000006fb800000, 0x00000006fe000000, 0x0000000700a00000)
  object space 40960K, 44% used [0x00000006fb800000,0x00000006fc9a3580,0x00000006fe000000)
}
Event: 3.328 GC heap before
{Heap before GC invocations=9 (full 2):
 PSYoungGen      total 315392K, used 315280K [0x00000007aae00000, 0x00000007c7a80000, 0x0000000800000000)
  eden space 212480K, 99% used [0x00000007aae00000,0x00000007b7d6fd70,0x00000007b7d80000)
  from space 102912K, 99% used [0x00000007c0980000,0x00000007c6df42e0,0x00000007c6e00000)
  to   space 129536K, 0% used [0x00000007b7d80000,0x00000007b7d80000,0x00000007bfc00000)
 ParOldGen       total 555008K, used 361373K [0x0000000700a00000, 0x0000000722800000, 0x00000007aae00000)
  object space 555008K, 65% used [0x0000000700a00000,0x0000000716ae7538,0x0000000722800000)
 PSPermGen       total 40960K, used 18061K [0x00000006fb800000, 0x00000006fe000000, 0x0000000700a00000)
  object space 40960K, 44% used [0x00000006fb800000,0x00000006fc9a3580,0x00000006fe000000)
Event: 3.397 GC heap after
Heap after GC invocations=9 (full 2):
 PSYoungGen      total 342016K, used 129493K [0x00000007aae00000, 0x00000007d3a80000, 0x0000000800000000)
  eden space 212480K, 0% used [0x00000007aae00000,0x00000007aae00000,0x00000007b7d80000)
  from space 129536K, 99% used [0x00000007b7d80000,0x00000007bfbf5430,0x00000007bfc00000)
  to   space 159232K, 0% used [0x00000007c9f00000,0x00000007c9f00000,0x00000007d3a80000)
 ParOldGen       total 555008K, used 546779K [0x0000000700a00000, 0x0000000722800000, 0x00000007aae00000)
  object space 555008K, 98% used [0x0000000700a00000,0x0000000721ff6de8,0x0000000722800000)
 PSPermGen       total 40960K, used 18061K [0x00000006fb800000, 0x00000006fe000000, 0x0000000700a00000)
  object space 40960K, 44% used [0x00000006fb800000,0x00000006fc9a3580,0x00000006fe000000)
}
Event: 3.397 GC heap before
{Heap before GC invocations=10 (full 3):
 PSYoungGen      total 342016K, used 129493K [0x00000007aae00000, 0x00000007d3a80000, 0x0000000800000000)
  eden space 212480K, 0% used [0x00000007aae00000,0x00000007aae00000,0x00000007b7d80000)
  from space 129536K, 99% used [0x00000007b7d80000,0x00000007bfbf5430,0x00000007bfc00000)
  to   space 159232K, 0% used [0x00000007c9f00000,0x00000007c9f00000,0x00000007d3a80000)
 ParOldGen       total 555008K, used 546779K [0x0000000700a00000, 0x0000000722800000, 0x00000007aae00000)
  object space 555008K, 98% used [0x0000000700a00000,0x0000000721ff6de8,0x0000000722800000)
 PSPermGen       total 40960K, used 18061K [0x00000006fb800000, 0x00000006fe000000, 0x0000000700a00000)
  object space 40960K, 44% used [0x00000006fb800000,0x00000006fc9a3580,0x00000006fe000000)
Event: 3.457 GC heap after
Heap after GC invocations=10 (full 3):
 PSYoungGen      total 342016K, used 121268K [0x00000007aae00000, 0x00000007d3a80000, 0x0000000800000000)
  eden space 212480K, 0% used [0x00000007aae00000,0x00000007aae00000,0x00000007b7d80000)
  from space 129536K, 93% used [0x00000007b7d80000,0x00000007bf3ed3a0,0x00000007bfc00000)
  to   space 159232K, 0% used [0x00000007c9f00000,0x00000007c9f00000,0x00000007d3a80000)
 ParOldGen       total 855040K, used 554844K [0x0000000700a00000, 0x0000000734d00000, 0x00000007aae00000)
  object space 855040K, 64% used [0x0000000700a00000,0x00000007227d73f0,0x0000000734d00000)
 PSPermGen       total 39424K, used 18061K [0x00000006fb800000, 0x00000006fde80000, 0x0000000700a00000)
  object space 39424K, 45% used [0x00000006fb800000,0x00000006fc9a3580,0x00000006fde80000)
}

Deoptimization events (10 events):
Event: 2.215 Thread 0x00000000120f1800 Uncommon trap: reason=unreached action=reinterpret pc=0x0000000002d55bc4 method=java.lang.ThreadLocal$ThreadLocalMap.getEntry(Ljava/lang/ThreadLocal;)Ljava/lang/ThreadLocal$ThreadLocalMap$Entry; @ 21
Event: 5.548 Thread 0x00000000120f1800 Uncommon trap: reason=class_check action=maybe_recompile pc=0x0000000002dc6bc0 method=java.io.BufferedInputStream.read([BII)I @ 101
Event: 5.548 Thread 0x00000000120f1800 Uncommon trap: reason=predicate action=maybe_recompile pc=0x0000000002dbba48 method=jogamp.opengl.util.pngj.PngHelperInternal.readBytes(Ljava/io/InputStream;[BII)V @ 14
Event: 5.553 Thread 0x00000000120f1800 Uncommon trap: reason=range_check action=make_not_entrant pc=0x0000000002db708c method=com.jogamp.opengl.util.PNGPixelRect.getPixelRGBSame(Ljava/nio/ByteBuffer;I[III)I @ 28
Event: 5.564 Thread 0x00000000120f1800 Uncommon trap: reason=range_check action=make_not_entrant pc=0x0000000002dce4b4 method=com.jogamp.opengl.util.PNGPixelRect.getPixelRGBSame(Ljava/nio/ByteBuffer;I[III)I @ 28
Event: 5.964 Thread 0x00000000120f1800 Uncommon trap: reason=unloaded action=reinterpret pc=0x0000000002dd03d4 method=com.jogamp.opengl.util.PNGPixelRect.read(Ljava/io/InputStream;Ljavax/media/nativewindow/util/PixelFormat;ZIZ)Lcom/jogamp/opengl/util/PNGPixelRect; @ 1284
Event: 5.964 Thread 0x00000000120f1800 Uncommon trap: reason=class_check action=maybe_recompile pc=0x0000000002dc1b70 method=java.util.zip.InflaterInputStream.read([BII)I @ 100
Event: 5.965 Thread 0x00000000120f1800 Uncommon trap: reason=class_check action=maybe_recompile pc=0x0000000002dc1b70 method=java.util.zip.InflaterInputStream.read([BII)I @ 100
Event: 5.965 Thread 0x00000000120f1800 Uncommon trap: reason=class_check action=maybe_recompile pc=0x0000000002dc1b70 method=java.util.zip.InflaterInputStream.read([BII)I @ 100
Event: 5.965 Thread 0x00000000120f1800 Uncommon trap: reason=class_check action=maybe_recompile pc=0x0000000002dc1b70 method=java.util.zip.InflaterInputStream.read([BII)I @ 100

Internal exceptions (10 events):
Event: 2.989 Thread 0x00000000120f1800 Threw 0x00000007aeacc5c0 at C:\re\jdk7u51\527\hotspot\src\share\vm\prims\jvm.cpp:1244
Event: 2.989 Thread 0x00000000120f1800 Threw 0x00000007aeacf480 at C:\re\jdk7u51\527\hotspot\src\share\vm\prims\jvm.cpp:1244
Event: 2.989 Thread 0x00000000120f1800 Threw 0x00000007aeaeaf78 at C:\re\jdk7u51\527\hotspot\src\share\vm\prims\jvm.cpp:1244
Event: 3.470 Thread 0x00000000120f1800 Threw 0x00000007b2321cc0 at C:\re\jdk7u51\527\hotspot\src\share\vm\prims\jvm.cpp:1244
Event: 5.964 Thread 0x00000000120f1800 Threw 0x00000007b2338498 at C:\re\jdk7u51\527\hotspot\src\share\vm\prims\jvm.cpp:1244
Event: 5.965 Thread 0x00000000120f1800 Threw 0x00000007b233bca8 at C:\re\jdk7u51\527\hotspot\src\share\vm\prims\jvm.cpp:1244
Event: 5.965 Thread 0x00000000120f1800 Threw 0x00000007b233fb50 at C:\re\jdk7u51\527\hotspot\src\share\vm\prims\jvm.cpp:1244
Event: 5.965 Thread 0x00000000120f1800 Threw 0x00000007b23423e0 at C:\re\jdk7u51\527\hotspot\src\share\vm\prims\jvm.cpp:1244
Event: 5.966 Thread 0x00000000120f1800 Threw 0x00000007b2348300 at C:\re\jdk7u51\527\hotspot\src\share\vm\prims\jvm.cpp:1244
Event: 5.967 Thread 0x00000000120f1800 Threw 0x00000007b234bdf0 at C:\re\jdk7u51\527\hotspot\src\share\vm\prims\jvm.cpp:1244

Events (10 events):
Event: 5.965 Thread 0x00000000120f1800 DEOPT UNPACKING pc=0x0000000002cd75a4 sp=0x00000000169dbca8 mode 2
Event: 5.965 loading class 0x000000001717a9f0
Event: 5.965 loading class 0x000000001717a9f0 done
Event: 5.965 Thread 0x00000000120f1800 Uncommon trap: trap_request=0xffffffde fr.pc=0x0000000002dc1b70
Event: 5.965 Thread 0x00000000120f1800 DEOPT PACKING pc=0x0000000002dc1b70 sp=0x00000000169dbd70
Event: 5.965 Thread 0x00000000120f1800 DEOPT UNPACKING pc=0x0000000002cd75a4 sp=0x00000000169dbd58 mode 2
Event: 5.966 loading class 0x00000000173d8b90
Event: 5.966 loading class 0x00000000173d8b90 done
Event: 5.967 loading class 0x0000000017439fb0
Event: 5.967 loading class 0x0000000017439fb0 done


Dynamic libraries:
0x000007f66d910000 - 0x000007f66d943000 	C:\Program Files\Java\jdk1.7.0_51\bin\java.exe
0x000007f8661e0000 - 0x000007f86639e000 	C:\Windows\SYSTEM32\ntdll.dll
0x000007f864470000 - 0x000007f8645a6000 	C:\Windows\system32\KERNEL32.DLL
0x000007f8633c0000 - 0x000007f8634b3000 	C:\Windows\system32\KERNELBASE.dll
0x000007f8646f0000 - 0x000007f8647ce000 	C:\Windows\system32\ADVAPI32.dll
0x000007f863db0000 - 0x000007f863efc000 	C:\Windows\system32\USER32.dll
0x000007f8609a0000 - 0x000007f860c09000 	C:\Windows\WinSxS\amd64_microsoft.windows.common-controls_6595b64144ccf1df_6.0.9200.16384_none_418c2a697189c07f\COMCTL32.dll
0x000007f8647d0000 - 0x000007f864875000 	C:\Windows\system32\msvcrt.dll
0x000007f863d00000 - 0x000007f863d48000 	C:\Windows\SYSTEM32\sechost.dll
0x000007f863bc0000 - 0x000007f863d00000 	C:\Windows\system32\RPCRT4.dll
0x000007f865eb0000 - 0x000007f865ff0000 	C:\Windows\system32\GDI32.dll
0x000007f865be0000 - 0x000007f865c19000 	C:\Windows\system32\IMM32.DLL
0x000007f863650000 - 0x000007f863764000 	C:\Windows\system32\MSCTF.dll
0x0000000061a80000 - 0x0000000061b52000 	C:\Program Files\Java\jdk1.7.0_51\jre\bin\msvcr100.dll
0x0000000061b60000 - 0x0000000062329000 	C:\Program Files\Java\jdk1.7.0_51\jre\bin\server\jvm.dll
0x000007f851f00000 - 0x000007f851f09000 	C:\Windows\SYSTEM32\WSOCK32.dll
0x000007f85fe60000 - 0x000007f85fe80000 	C:\Windows\SYSTEM32\WINMM.dll
0x000007f8648e0000 - 0x000007f8648e7000 	C:\Windows\system32\PSAPI.DLL
0x000007f863d50000 - 0x000007f863da8000 	C:\Windows\system32\WS2_32.dll
0x000007f85e8c0000 - 0x000007f85e8f2000 	C:\Windows\SYSTEM32\WINMMBASE.dll
0x000007f8645b0000 - 0x000007f8645b9000 	C:\Windows\system32\NSI.dll
0x0000000061a30000 - 0x0000000061a3f000 	C:\Program Files\Java\jdk1.7.0_51\jre\bin\verify.dll
0x0000000061a00000 - 0x0000000061a28000 	C:\Program Files\Java\jdk1.7.0_51\jre\bin\java.dll
0x00000000619e0000 - 0x00000000619f5000 	C:\Program Files\Java\jdk1.7.0_51\jre\bin\zip.dll
0x0000000061800000 - 0x0000000061995000 	C:\Program Files\Java\jdk1.7.0_51\jre\bin\awt.dll
0x000007f8645d0000 - 0x000007f864693000 	C:\Windows\system32\OLEAUT32.dll
0x000007f8642c0000 - 0x000007f864470000 	C:\Windows\system32\combase.dll
0x000007f85e340000 - 0x000007f85e3df000 	C:\Windows\system32\apphelp.dll
0x000007f861fb0000 - 0x000007f862093000 	C:\Windows\system32\uxtheme.dll
0x000007f861280000 - 0x000007f8612a1000 	C:\Windows\SYSTEM32\dwmapi.dll
0x000007f865ff0000 - 0x000007f86616e000 	C:\Windows\system32\ole32.dll
0x000007f863030000 - 0x000007f86303a000 	C:\Windows\SYSTEM32\CRYPTBASE.dll
0x000007f862fd0000 - 0x000007f86302c000 	C:\Windows\SYSTEM32\bcryptPrimitives.dll
0x000007f844e20000 - 0x000007f845020000 	C:\Windows\system32\d3d9.dll
0x000007f85f260000 - 0x000007f85f269000 	C:\Windows\SYSTEM32\VERSION.dll
0x000007f85f270000 - 0x000007f85f3bb000 	C:\Windows\SYSTEM32\aticfx64.dll
0x000007f84c810000 - 0x000007f84c831000 	C:\Windows\SYSTEM32\atiu9p64.dll
0x000007f844320000 - 0x000007f844ac1000 	C:\Windows\SYSTEM32\atiumd64.dll
0x0000000064120000 - 0x0000000064857000 	C:\Windows\SYSTEM32\atiumd6a.dll
0x000007f8648f0000 - 0x000007f865bd5000 	C:\Windows\system32\SHELL32.dll
0x000007f8646a0000 - 0x000007f8646f0000 	C:\Windows\system32\SHLWAPI.dll
0x000007f861470000 - 0x000007f861506000 	C:\Windows\SYSTEM32\shcore.dll
0x00000000617b0000 - 0x00000000617f7000 	C:\Program Files\Java\jdk1.7.0_51\jre\bin\fontmanager.dll
0x00000000619c0000 - 0x00000000619d9000 	C:\Program Files\Java\jdk1.7.0_51\jre\bin\net.dll
0x000007f862a40000 - 0x000007f862a9c000 	C:\Windows\system32\mswsock.dll
0x00000000619a0000 - 0x00000000619b1000 	C:\Program Files\Java\jdk1.7.0_51\jre\bin\nio.dll
0x0000000061760000 - 0x00000000617a1000 	C:\Program Files\Java\jdk1.7.0_51\jre\bin\t2k.dll
0x000007f8638f0000 - 0x000007f863986000 	C:\Windows\SYSTEM32\clbcatq.dll
0x000007f85ee80000 - 0x000007f85f00a000 	C:\Windows\SYSTEM32\WindowsCodecs.dll
0x000007f863110000 - 0x000007f863125000 	C:\Windows\SYSTEM32\profapi.dll
0x000007f862aa0000 - 0x000007f862aba000 	C:\Windows\SYSTEM32\CRYPTSP.dll
0x000007f8626d0000 - 0x000007f862719000 	C:\Windows\system32\rsaenh.dll
0x000007f8627d0000 - 0x000007f8627ef000 	C:\Windows\SYSTEM32\USERENV.dll
0x000007f856270000 - 0x000007f856284000 	C:\Windows\system32\napinsp.dll
0x000007f851390000 - 0x000007f8513a8000 	C:\Windows\system32\pnrpnsp.dll
0x000007f861ba0000 - 0x000007f861bb6000 	C:\Windows\system32\NLAapi.dll
0x000007f862880000 - 0x000007f862918000 	C:\Windows\SYSTEM32\DNSAPI.dll
0x000007f851370000 - 0x000007f851382000 	C:\Windows\System32\winrnr.dll
0x000007f851350000 - 0x000007f851364000 	C:\Windows\system32\wshbth.dll
0x000007f854d20000 - 0x000007f854d28000 	C:\Windows\System32\rasadhlp.dll
0x000007f8606c0000 - 0x000007f8606ec000 	C:\Windows\SYSTEM32\IPHLPAPI.DLL
0x000007f861a70000 - 0x000007f861a7a000 	C:\Windows\SYSTEM32\WINNSI.DLL
0x000007f85f490000 - 0x000007f85f4ef000 	C:\Windows\System32\fwpuclnt.dll
0x00000000637c0000 - 0x00000000637cd000 	C:\Users\Dominikus\AppData\Local\Temp\jogamp_0000\file_cache\jln4074538011734208810\jln9107443477624331403\gluegen-rt.dll
0x00000000640d0000 - 0x00000000640d7000 	C:\Program Files\Java\jdk1.7.0_51\jre\bin\jawt.dll
0x000000006a440000 - 0x000000006a44d000 	C:\Users\Dominikus\AppData\Local\Temp\jogamp_0000\file_cache\jln4074538011734208810\jln9107443477624331403\nativewindow_awt.dll
0x000000006c100000 - 0x000000006c10f000 	C:\Users\Dominikus\AppData\Local\Temp\jogamp_0000\file_cache\jln4074538011734208810\jln9107443477624331403\nativewindow_win32.dll
0x000007f855680000 - 0x000007f85579f000 	C:\Windows\SYSTEM32\OpenGL32.dll
0x000007f855a80000 - 0x000007f855aac000 	C:\Windows\SYSTEM32\GLU32.dll
0x000007f841f20000 - 0x000007f84200a000 	C:\Windows\SYSTEM32\DDRAW.dll
0x000007f855a50000 - 0x000007f855a58000 	C:\Windows\SYSTEM32\DCIMAN32.dll
0x0000000019540000 - 0x00000000195e0000 	C:\Users\Dominikus\AppData\Local\Temp\jogamp_0000\file_cache\jln4074538011734208810\jln9107443477624331403\jogl_desktop.dll
0x000007f855a30000 - 0x000007f855a48000 	C:\Windows\SYSTEM32\atig6pxx.dll
0x00000000196e0000 - 0x000000001b220000 	C:\Windows\SYSTEM32\atio6axx.dll
0x000007f865c30000 - 0x000007f865e00000 	C:\Windows\system32\SETUPAPI.dll
0x000007f8635d0000 - 0x000007f86361f000 	C:\Windows\system32\CFGMGR32.dll
0x000007f863620000 - 0x000007f863642000 	C:\Windows\system32\DEVOBJ.dll
0x000007f85e210000 - 0x000007f85e33f000 	C:\Windows\SYSTEM32\atiadlxx.dll
0x000007f860300000 - 0x000007f86045a000 	C:\Windows\SYSTEM32\PROPSYS.dll
0x000007f8624f0000 - 0x000007f862501000 	C:\Windows\SYSTEM32\WTSAPI32.dll
0x000007f863570000 - 0x000007f8635c5000 	C:\Windows\system32\WINTRUST.dll
0x000007f8631e0000 - 0x000007f8633b7000 	C:\Windows\system32\CRYPT32.dll
0x000007f8631c0000 - 0x000007f8631d6000 	C:\Windows\system32\MSASN1.dll
0x000007f8558e0000 - 0x000007f855909000 	C:\Windows\SYSTEM32\atig6txx.dll
0x000007f84a6c0000 - 0x000007f84a823000 	C:\Windows\SYSTEM32\dbghelp.dll

VM Arguments:
jvm_args: -Dfile.encoding=UTF-8 -Djava.library.path=E:\Dominikus\Projects\Dropbox\private\Tugas_Akhir\Code\Setting_Up_JOGL_2\jogl-2.0\lib 
java_command: MainGUI
Launcher Type: SUN_STANDARD

Environment Variables:
PATH=C:\Program Files (x86)\Intel\iCLS Client\;C:\Program Files\Intel\iCLS Client\;C:\Windows\system32;C:\Windows;C:\Windows\System32\Wbem;C:\Windows\System32\WindowsPowerShell\v1.0\;C:\Program Files\Common Files\Autodesk Shared\;C:\Program Files (x86)\Autodesk\Backburner\;C:\Program Files\Intel\Intel(R) Management Engine Components\DAL;C:\Program Files\Intel\Intel(R) Management Engine Components\IPT;C:\Program Files (x86)\Intel\Intel(R) Management Engine Components\DAL;C:\Program Files (x86)\Intel\Intel(R) Management Engine Components\IPT;C:\Program Files (x86)\ATI Technologies\ATI.ACE\Core-Static;C:\Program Files\MiKTeX 2.9\miktex\bin\x64\;C:\Ruby200-x64\bin
USERNAME=Dominikus
OS=Windows_NT
PROCESSOR_IDENTIFIER=Intel64 Family 6 Model 58 Stepping 9, GenuineIntel



---------------  S Y S T E M  ---------------

OS: Windows 8 , 64 bit Build 9200 

CPU:total 8 (4 cores per cpu, 2 threads per core) family 6 model 58 stepping 9, cmov, cx8, fxsr, mmx, sse, sse2, sse3, ssse3, sse4.1, sse4.2, popcnt, avx, aes, erms, ht, tsc, tscinvbit, tscinv

Memory: 4k page, physical 16733676k(4588012k free), swap 19092972k(2699300k free)

vm_info: Java HotSpot(TM) 64-Bit Server VM (24.51-b03) for windows-amd64 JRE (1.7.0_51-b13), built on Dec 18 2013 18:40:56 by "java_re" with unknown MS VC++:1600

time: Mon May 26 01:43:22 2014
elapsed time: 6 seconds

