#
# A fatal error has been detected by the Java Runtime Environment:
#
#  EXCEPTION_ACCESS_VIOLATION (0xc0000005) at pc=0x000000001c2f170c, pid=2468, tid=7532
#
# JRE version: Java(TM) SE Runtime Environment (7.0_51-b13) (build 1.7.0_51-b13)
# Java VM: Java HotSpot(TM) 64-Bit Server VM (24.51-b03 mixed mode windows-amd64 compressed oops)
# Problematic frame:
# C  [atio6axx.dll+0x8170c]
#
# Failed to write core dump. Minidumps are not enabled by default on client versions of Windows
#
# If you would like to submit a bug report, please visit:
#   http://bugreport.sun.com/bugreport/crash.jsp
# The crash happened outside the Java Virtual Machine in native code.
# See problematic frame for where to report the bug.
#

---------------  T H R E A D  ---------------

Current thread (0x00000000117d4000):  JavaThread "AWT-EventQueue-0" [_thread_in_native, id=7532, stack(0x0000000018370000,0x0000000018470000)]

siginfo: ExceptionCode=0xc0000005, reading address 0x0000000026027000

Registers:
RAX=0x0000000000000028, RBX=0x0000000026026ff0, RCX=0x0000000026026fb0, RDX=0x0000000000000028
RSP=0x000000001846cb90, RBP=0x000000000000176f, RSI=0x0000000000000000, RDI=0x0000000036132580
R8 =0x0000000000000050, R9 =0x0000000000001770, R10=0x0000000026025ba0, R11=0x0000000036131100
R12=0x0000000000000050, R13=0x0000000000000080, R14=0x0000000000001770, R15=0x000000000000008c
RIP=0x000000001c2f170c, EFLAGS=0x0000000000010297

Top of Stack: (sp=0x000000001846cb90)
0x000000001846cb90:   0041000000010000 0000000000000000
0x000000001846cba0:   0000000000000000 0000000000000000
0x000000001846cbb0:   0674580000000000 00000000201d6000
0x000000001846cbc0:   0000000000000050 0000000000000000
0x000000001846cbd0:   000000002f9f0000 000000001e32b428
0x000000001846cbe0:   0000000000001500 000000001846d0b0
0x000000001846cbf0:   000000001e2712a0 000000001e2fe590
0x000000001846cc00:   000000001846cd10 000000001ccaae1e
0x000000001846cc10:   000000002f9f0000 0000000000000080
0x000000001846cc20:   000000001846d520 000000001df00670
0x000000001846cc30:   0000000000004650 0000000000004680
0x000000001846cc40:   000000003f800000 000000001e9f96a0
0x000000001846cc50:   0000000000008955 0000000000000000
0x000000001846cc60:   0000000200000002 0000000200000002
0x000000001846cc70:   0000000100000001 0000000100001500
0x000000001846cc80:   000000002f9f0000 0000000000000000 

Instructions: (pc=0x000000001c2f170c)
0x000000001c2f16ec:   0f 18 83 00 04 00 00 0f 18 83 40 04 00 00 0f 18
0x000000001c2f16fc:   83 80 05 00 00 0f 18 83 c0 05 00 00 f3 0f 6f 03
0x000000001c2f170c:   f3 0f 6f 5b 10 f3 0f 6f 53 20 48 8d 43 70 48 8d
0x000000001c2f171c:   4b 40 ff c2 f3 0f 6f 4b 30 f3 0f 7f 07 f3 0f 7f 


Register to memory mapping:

RAX=0x0000000000000028 is an unknown value
RBX=0x0000000026026ff0 is an unknown value
RCX=0x0000000026026fb0 is an unknown value
RDX=0x0000000000000028 is an unknown value
RSP=0x000000001846cb90 is pointing into the stack for thread: 0x00000000117d4000
RBP=0x000000000000176f is an unknown value
RSI=0x0000000000000000 is an unknown value
RDI=0x0000000036132580 is an unknown value
R8 =0x0000000000000050 is an unknown value
R9 =0x0000000000001770 is an unknown value
R10=0x0000000026025ba0 is an unknown value
R11=0x0000000036131100 is an unknown value
R12=0x0000000000000050 is an unknown value
R13=0x0000000000000080 is an unknown value
R14=0x0000000000001770 is an unknown value
R15=0x000000000000008c is an unknown value


Stack: [0x0000000018370000,0x0000000018470000],  sp=0x000000001846cb90,  free space=1010k
Native frames: (J=compiled Java code, j=interpreted, Vv=VM code, C=native code)
C  [atio6axx.dll+0x8170c]

Java frames: (J=compiled Java code, j=interpreted, Vv=VM code)
j  jogamp.opengl.gl4.GL4bcImpl.dispatch_glTexSubImage2D1(IIIIIIIILjava/lang/Object;IZJ)V+0
j  jogamp.opengl.gl4.GL4bcImpl.glTexSubImage2D(IIIIIIIILjava/nio/Buffer;)V+128
j  com.jogamp.opengl.util.texture.Texture.updateSubImageImpl(Ljavax/media/opengl/GL;Lcom/jogamp/opengl/util/texture/TextureData;IIIIIIII)V+715
j  com.jogamp.opengl.util.texture.Texture.updateImage(Ljavax/media/opengl/GL;Lcom/jogamp/opengl/util/texture/TextureData;I)V+1124
j  com.jogamp.opengl.util.texture.Texture.updateImage(Ljavax/media/opengl/GL;Lcom/jogamp/opengl/util/texture/TextureData;)V+4
j  com.jogamp.opengl.util.texture.Texture.<init>(Ljavax/media/opengl/GL;Lcom/jogamp/opengl/util/texture/TextureData;)V+12
j  com.jogamp.opengl.util.texture.TextureIO.newTexture(Ljavax/media/opengl/GL;Lcom/jogamp/opengl/util/texture/TextureData;)Lcom/jogamp/opengl/util/texture/Texture;+20
j  com.jogamp.opengl.util.texture.TextureIO.newTexture(Ljava/io/File;Z)Lcom/jogamp/opengl/util/texture/Texture;+26
j  TheCanvas.textureDefaultInit()V+269
j  TheCanvas.init(Ljavax/media/opengl/GLAutoDrawable;)V+134
j  jogamp.opengl.GLDrawableHelper.init(Ljavax/media/opengl/GLEventListener;Ljavax/media/opengl/GLAutoDrawable;ZZ)V+2
j  jogamp.opengl.GLDrawableHelper.init(Ljavax/media/opengl/GLAutoDrawable;Z)V+73
j  javax.media.opengl.awt.GLCanvas$9.run()V+26
j  jogamp.opengl.GLDrawableHelper.invokeGLImpl(Ljavax/media/opengl/GLDrawable;Ljavax/media/opengl/GLContext;Ljava/lang/Runnable;Ljava/lang/Runnable;)V+200
j  jogamp.opengl.GLDrawableHelper.invokeGL(Ljavax/media/opengl/GLDrawable;Ljavax/media/opengl/GLContext;Ljava/lang/Runnable;Ljava/lang/Runnable;)V+80
j  javax.media.opengl.awt.GLCanvas$11.run()V+73
j  java.awt.event.InvocationEvent.dispatch()V+11
j  java.awt.EventQueue.dispatchEventImpl(Ljava/awt/AWTEvent;Ljava/lang/Object;)V+21
j  java.awt.EventQueue.access$200(Ljava/awt/EventQueue;Ljava/awt/AWTEvent;Ljava/lang/Object;)V+3
j  java.awt.EventQueue$3.run()Ljava/lang/Void;+12
j  java.awt.EventQueue$3.run()Ljava/lang/Object;+1
v  ~StubRoutines::call_stub
j  java.security.AccessController.doPrivileged(Ljava/security/PrivilegedAction;Ljava/security/AccessControlContext;)Ljava/lang/Object;+0
j  java.security.ProtectionDomain$1.doIntersectionPrivilege(Ljava/security/PrivilegedAction;Ljava/security/AccessControlContext;Ljava/security/AccessControlContext;)Ljava/lang/Object;+28
j  java.awt.EventQueue.dispatchEvent(Ljava/awt/AWTEvent;)V+46
j  java.awt.EventDispatchThread.pumpOneEventForFilters(I)V+245
j  java.awt.EventDispatchThread.pumpEventsForFilter(ILjava/awt/Conditional;Ljava/awt/EventFilter;)V+35
j  java.awt.EventDispatchThread.pumpEventsForHierarchy(ILjava/awt/Conditional;Ljava/awt/Component;)V+11
j  java.awt.EventDispatchThread.pumpEvents(ILjava/awt/Conditional;)V+4
j  java.awt.EventDispatchThread.pumpEvents(Ljava/awt/Conditional;)V+3
j  java.awt.EventDispatchThread.run()V+9
v  ~StubRoutines::call_stub

---------------  P R O C E S S  ---------------

Java Threads: ( => current thread )
  0x0000000018bbd000 JavaThread "AWT-EventQueue-0-FPSAWTAnimator-Timer0" [_thread_blocked, id=5788, stack(0x000000001f820000,0x000000001f920000)]
  0x00000000191fd800 JavaThread "AWT-EventQueue-0-SharedResourceRunner" daemon [_thread_blocked, id=1328, stack(0x000000001c070000,0x000000001c170000)]
  0x0000000018e87800 JavaThread "D3D Screen Updater" daemon [_thread_blocked, id=5544, stack(0x000000001a350000,0x000000001a450000)]
  0x0000000018b85000 JavaThread "TimerQueue" daemon [_thread_blocked, id=3896, stack(0x0000000019050000,0x0000000019150000)]
  0x00000000117d6000 JavaThread "Image Fetcher 0" daemon [_thread_blocked, id=7764, stack(0x0000000018750000,0x0000000018850000)]
  0x0000000002210800 JavaThread "DestroyJavaVM" [_thread_blocked, id=4540, stack(0x0000000002110000,0x0000000002210000)]
=>0x00000000117d4000 JavaThread "AWT-EventQueue-0" [_thread_in_native, id=7532, stack(0x0000000018370000,0x0000000018470000)]
  0x0000000011701000 JavaThread "AWT-Windows" daemon [_thread_in_native, id=5304, stack(0x00000000125f0000,0x00000000126f0000)]
  0x0000000011700000 JavaThread "AWT-Shutdown" [_thread_blocked, id=6028, stack(0x00000000124f0000,0x00000000125f0000)]
  0x00000000116ff800 JavaThread "Java2D Disposer" daemon [_thread_blocked, id=7248, stack(0x00000000123f0000,0x00000000124f0000)]
  0x0000000002302800 JavaThread "Service Thread" daemon [_thread_blocked, id=7432, stack(0x0000000011df0000,0x0000000011ef0000)]
  0x00000000022ff000 JavaThread "C2 CompilerThread1" daemon [_thread_blocked, id=7904, stack(0x0000000011cf0000,0x0000000011df0000)]
  0x000000000f62e800 JavaThread "C2 CompilerThread0" daemon [_thread_blocked, id=8124, stack(0x0000000011bf0000,0x0000000011cf0000)]
  0x000000000f62d800 JavaThread "Attach Listener" daemon [_thread_blocked, id=6244, stack(0x0000000011af0000,0x0000000011bf0000)]
  0x0000000011610800 JavaThread "Signal Dispatcher" daemon [_thread_blocked, id=1228, stack(0x00000000119f0000,0x0000000011af0000)]
  0x000000000f61e000 JavaThread "Finalizer" daemon [_thread_blocked, id=7104, stack(0x00000000114f0000,0x00000000115f0000)]
  0x000000000f615800 JavaThread "Reference Handler" daemon [_thread_blocked, id=1984, stack(0x00000000113f0000,0x00000000114f0000)]

Other Threads:
  0x000000000f614800 VMThread [stack: 0x00000000112f0000,0x00000000113f0000] [id=2668]
  0x000000000230a000 WatcherThread [stack: 0x0000000011ef0000,0x0000000011ff0000] [id=6804]

VM state:not at safepoint (normal execution)

VM Mutex/Monitor currently owned by a thread: None

Heap
 PSYoungGen      total 76800K, used 62564K [0x00000007aae00000, 0x00000007b0380000, 0x0000000800000000)
  eden space 66048K, 94% used [0x00000007aae00000,0x00000007aeb191f8,0x00000007aee80000)
  from space 10752K, 0% used [0x00000007af900000,0x00000007af900000,0x00000007b0380000)
  to   space 10752K, 0% used [0x00000007aee80000,0x00000007aee80000,0x00000007af900000)
 ParOldGen       total 174080K, used 0K [0x0000000700a00000, 0x000000070b400000, 0x00000007aae00000)
  object space 174080K, 0% used [0x0000000700a00000,0x0000000700a00000,0x000000070b400000)
 PSPermGen       total 21504K, used 18100K [0x00000006fb800000, 0x00000006fcd00000, 0x0000000700a00000)
  object space 21504K, 84% used [0x00000006fb800000,0x00000006fc9ad1c0,0x00000006fcd00000)

Card table byte_map: [0x00000000053d0000,0x0000000005c00000] byte_map_base: 0x0000000001bf4000

Polling page: 0x0000000000840000

Code Cache  [0x0000000002310000, 0x0000000002580000, 0x0000000005310000)
 total_blobs=995 nmethods=174 adapters=773 free_code_cache=48013Kb largest_free_block=49129152

Compilation events (10 events):
Event: 3.433 Thread 0x00000000022ff000  172             java.lang.Integer::hashCode (5 bytes)
Event: 3.433 Thread 0x00000000022ff000 nmethod 172 0x000000000242cfd0 code [0x000000000242d100, 0x000000000242d158]
Event: 3.529 Thread 0x000000000f62e800  173             jogamp.opengl.util.pngj.FilterType::getByVal (14 bytes)
Event: 3.529 Thread 0x00000000022ff000  174             jogamp.opengl.util.pngj.PngReader::readRowInt (171 bytes)
Event: 3.530 Thread 0x00000000022ff000 nmethod 174 0x0000000002381690 code [0x00000000023817e0, 0x0000000002381938]
Event: 3.531 Thread 0x000000000f62e800 nmethod 173 0x000000000242a890 code [0x000000000242aa20, 0x000000000242ace8]
Event: 3.725 Thread 0x00000000022ff000  175             java.lang.Enum::ordinal (5 bytes)
Event: 3.725 Thread 0x000000000f62e800  176   !         java.util.zip.InflaterInputStream::read (138 bytes)
Event: 3.725 Thread 0x00000000022ff000 nmethod 175 0x000000000242a5d0 code [0x000000000242a700, 0x000000000242a758]
Event: 3.737 Thread 0x000000000f62e800 nmethod 176 0x000000000238e150 code [0x000000000238e340, 0x000000000238f510]

GC Heap History (0 events):
No events

Deoptimization events (10 events):
Event: 1.683 Thread 0x00000000117d4000 Uncommon trap: reason=unreached action=reinterpret pc=0x00000000023b80f4 method=java.lang.ThreadLocal$ThreadLocalMap.getEntry(Ljava/lang/ThreadLocal;)Ljava/lang/ThreadLocal$ThreadLocalMap$Entry; @ 21
Event: 1.691 Thread 0x00000000117d4000 Uncommon trap: reason=unreached action=reinterpret pc=0x00000000023c4784 method=java.lang.ThreadLocal$ThreadLocalMap.getEntry(Ljava/lang/ThreadLocal;)Ljava/lang/ThreadLocal$ThreadLocalMap$Entry; @ 21
Event: 2.513 Thread 0x00000000117d4000 Uncommon trap: reason=range_check action=make_not_entrant pc=0x000000000242064c method=com.jogamp.opengl.util.PNGPixelRect.getPixelRGBSame(Ljava/nio/ByteBuffer;I[III)I @ 28
Event: 3.723 Thread 0x00000000117d4000 Uncommon trap: reason=class_check action=maybe_recompile pc=0x0000000002431600 method=java.io.BufferedInputStream.read([BII)I @ 101
Event: 3.723 Thread 0x00000000117d4000 Uncommon trap: reason=predicate action=maybe_recompile pc=0x0000000002421b88 method=jogamp.opengl.util.pngj.PngHelperInternal.readBytes(Ljava/io/InputStream;[BII)V @ 14
Event: 3.724 Thread 0x00000000117d4000 Uncommon trap: reason=unloaded action=reinterpret pc=0x0000000002428d14 method=com.jogamp.opengl.util.PNGPixelRect.read(Ljava/io/InputStream;Ljavax/media/nativewindow/util/PixelFormat;ZIZ)Lcom/jogamp/opengl/util/PNGPixelRect; @ 1284
Event: 3.724 Thread 0x00000000117d4000 Uncommon trap: reason=class_check action=maybe_recompile pc=0x000000000242f60c method=java.util.zip.InflaterInputStream.read([BII)I @ 100
Event: 3.724 Thread 0x00000000117d4000 Uncommon trap: reason=class_check action=maybe_recompile pc=0x000000000242f60c method=java.util.zip.InflaterInputStream.read([BII)I @ 100
Event: 3.725 Thread 0x00000000117d4000 Uncommon trap: reason=class_check action=maybe_recompile pc=0x000000000242f60c method=java.util.zip.InflaterInputStream.read([BII)I @ 100
Event: 3.725 Thread 0x00000000117d4000 Uncommon trap: reason=class_check action=maybe_recompile pc=0x000000000242f60c method=java.util.zip.InflaterInputStream.read([BII)I @ 100

Internal exceptions (10 events):
Event: 2.504 Thread 0x00000000117d4000 Threw 0x00000007aeaa9660 at C:\re\jdk7u51\527\hotspot\src\share\vm\prims\jvm.cpp:1244
Event: 2.505 Thread 0x00000000117d4000 Threw 0x00000007aeaaf020 at C:\re\jdk7u51\527\hotspot\src\share\vm\prims\jvm.cpp:1244
Event: 2.505 Thread 0x00000000117d4000 Threw 0x00000007aeab1ee0 at C:\re\jdk7u51\527\hotspot\src\share\vm\prims\jvm.cpp:1244
Event: 2.506 Thread 0x00000000117d4000 Threw 0x00000007aead4658 at C:\re\jdk7u51\527\hotspot\src\share\vm\prims\jvm.cpp:1244
Event: 3.724 Thread 0x00000000117d4000 Threw 0x00000007aead8a10 at C:\re\jdk7u51\527\hotspot\src\share\vm\prims\jvm.cpp:1244
Event: 3.724 Thread 0x00000000117d4000 Threw 0x00000007aeadc220 at C:\re\jdk7u51\527\hotspot\src\share\vm\prims\jvm.cpp:1244
Event: 3.724 Thread 0x00000000117d4000 Threw 0x00000007aeae00c8 at C:\re\jdk7u51\527\hotspot\src\share\vm\prims\jvm.cpp:1244
Event: 3.725 Thread 0x00000000117d4000 Threw 0x00000007aeae2a40 at C:\re\jdk7u51\527\hotspot\src\share\vm\prims\jvm.cpp:1244
Event: 3.725 Thread 0x00000000117d4000 Threw 0x00000007aeae8960 at C:\re\jdk7u51\527\hotspot\src\share\vm\prims\jvm.cpp:1244
Event: 3.726 Thread 0x00000000117d4000 Threw 0x00000007aeaec450 at C:\re\jdk7u51\527\hotspot\src\share\vm\prims\jvm.cpp:1244

Events (10 events):
Event: 3.725 loading class 0x0000000018b35da0 done
Event: 3.725 Thread 0x00000000117d4000 Uncommon trap: trap_request=0xffffffde fr.pc=0x000000000242f60c
Event: 3.725 Thread 0x00000000117d4000 DEOPT PACKING pc=0x000000000242f60c sp=0x000000001846c1a0
Event: 3.725 Thread 0x00000000117d4000 DEOPT UNPACKING pc=0x00000000023475a4 sp=0x000000001846c188 mode 2
Event: 3.725 loading class 0x0000000018b31cf0
Event: 3.725 loading class 0x0000000018b31cf0 done
Event: 3.726 loading class 0x0000000011951d10
Event: 3.726 loading class 0x0000000011951d10 done
Event: 4.050 Executing VM operation: EnableBiasedLocking
Event: 4.050 Executing VM operation: EnableBiasedLocking done


Dynamic libraries:
0x000007f66d910000 - 0x000007f66d943000 	C:\Program Files\Java\jdk1.7.0_51\bin\java.exe
0x000007f8661e0000 - 0x000007f86639e000 	C:\Windows\SYSTEM32\ntdll.dll
0x000007f864470000 - 0x000007f8645a6000 	C:\Windows\system32\KERNEL32.DLL
0x000007f8633c0000 - 0x000007f8634b3000 	C:\Windows\system32\KERNELBASE.dll
0x000007f8646f0000 - 0x000007f8647ce000 	C:\Windows\system32\ADVAPI32.dll
0x000007f863db0000 - 0x000007f863efc000 	C:\Windows\system32\USER32.dll
0x000007f8609a0000 - 0x000007f860c09000 	C:\Windows\WinSxS\amd64_microsoft.windows.common-controls_6595b64144ccf1df_6.0.9200.16384_none_418c2a697189c07f\COMCTL32.dll
0x000007f8647d0000 - 0x000007f864875000 	C:\Windows\system32\msvcrt.dll
0x000007f863d00000 - 0x000007f863d48000 	C:\Windows\SYSTEM32\sechost.dll
0x000007f863bc0000 - 0x000007f863d00000 	C:\Windows\system32\RPCRT4.dll
0x000007f865eb0000 - 0x000007f865ff0000 	C:\Windows\system32\GDI32.dll
0x000007f865be0000 - 0x000007f865c19000 	C:\Windows\system32\IMM32.DLL
0x000007f863650000 - 0x000007f863764000 	C:\Windows\system32\MSCTF.dll
0x0000000061a80000 - 0x0000000061b52000 	C:\Program Files\Java\jdk1.7.0_51\jre\bin\msvcr100.dll
0x0000000061b60000 - 0x0000000062329000 	C:\Program Files\Java\jdk1.7.0_51\jre\bin\server\jvm.dll
0x000007f851f00000 - 0x000007f851f09000 	C:\Windows\SYSTEM32\WSOCK32.dll
0x000007f85fe60000 - 0x000007f85fe80000 	C:\Windows\SYSTEM32\WINMM.dll
0x000007f8648e0000 - 0x000007f8648e7000 	C:\Windows\system32\PSAPI.DLL
0x000007f863d50000 - 0x000007f863da8000 	C:\Windows\system32\WS2_32.dll
0x000007f85e8c0000 - 0x000007f85e8f2000 	C:\Windows\SYSTEM32\WINMMBASE.dll
0x000007f8645b0000 - 0x000007f8645b9000 	C:\Windows\system32\NSI.dll
0x0000000061a30000 - 0x0000000061a3f000 	C:\Program Files\Java\jdk1.7.0_51\jre\bin\verify.dll
0x0000000061a00000 - 0x0000000061a28000 	C:\Program Files\Java\jdk1.7.0_51\jre\bin\java.dll
0x00000000619e0000 - 0x00000000619f5000 	C:\Program Files\Java\jdk1.7.0_51\jre\bin\zip.dll
0x0000000061800000 - 0x0000000061995000 	C:\Program Files\Java\jdk1.7.0_51\jre\bin\awt.dll
0x000007f8645d0000 - 0x000007f864693000 	C:\Windows\system32\OLEAUT32.dll
0x000007f8642c0000 - 0x000007f864470000 	C:\Windows\system32\combase.dll
0x000007f85e340000 - 0x000007f85e3df000 	C:\Windows\system32\apphelp.dll
0x000007f861fb0000 - 0x000007f862093000 	C:\Windows\system32\uxtheme.dll
0x00000000640a0000 - 0x00000000640d4000 	F:\Fraps\fraps64.dll
0x000007f861280000 - 0x000007f8612a1000 	C:\Windows\SYSTEM32\dwmapi.dll
0x000007f865ff0000 - 0x000007f86616e000 	C:\Windows\system32\ole32.dll
0x000007f863030000 - 0x000007f86303a000 	C:\Windows\SYSTEM32\CRYPTBASE.dll
0x000007f862fd0000 - 0x000007f86302c000 	C:\Windows\SYSTEM32\bcryptPrimitives.dll
0x000007f844e20000 - 0x000007f845020000 	C:\Windows\system32\d3d9.dll
0x000007f85f260000 - 0x000007f85f269000 	C:\Windows\SYSTEM32\VERSION.dll
0x000007f85f270000 - 0x000007f85f3bb000 	C:\Windows\SYSTEM32\aticfx64.dll
0x000007f84c810000 - 0x000007f84c831000 	C:\Windows\SYSTEM32\atiu9p64.dll
0x000007f844320000 - 0x000007f844ac1000 	C:\Windows\SYSTEM32\atiumd64.dll
0x0000000064120000 - 0x0000000064857000 	C:\Windows\SYSTEM32\atiumd6a.dll
0x000007f8648f0000 - 0x000007f865bd5000 	C:\Windows\system32\SHELL32.dll
0x000007f8646a0000 - 0x000007f8646f0000 	C:\Windows\system32\SHLWAPI.dll
0x000007f861470000 - 0x000007f861506000 	C:\Windows\SYSTEM32\shcore.dll
0x00000000617b0000 - 0x00000000617f7000 	C:\Program Files\Java\jdk1.7.0_51\jre\bin\fontmanager.dll
0x00000000619c0000 - 0x00000000619d9000 	C:\Program Files\Java\jdk1.7.0_51\jre\bin\net.dll
0x000007f862a40000 - 0x000007f862a9c000 	C:\Windows\system32\mswsock.dll
0x00000000619a0000 - 0x00000000619b1000 	C:\Program Files\Java\jdk1.7.0_51\jre\bin\nio.dll
0x0000000061760000 - 0x00000000617a1000 	C:\Program Files\Java\jdk1.7.0_51\jre\bin\t2k.dll
0x000007f8638f0000 - 0x000007f863986000 	C:\Windows\SYSTEM32\clbcatq.dll
0x000007f85ee80000 - 0x000007f85f00a000 	C:\Windows\SYSTEM32\WindowsCodecs.dll
0x000007f863110000 - 0x000007f863125000 	C:\Windows\SYSTEM32\profapi.dll
0x000007f862aa0000 - 0x000007f862aba000 	C:\Windows\SYSTEM32\CRYPTSP.dll
0x000007f8626d0000 - 0x000007f862719000 	C:\Windows\system32\rsaenh.dll
0x000007f8627d0000 - 0x000007f8627ef000 	C:\Windows\SYSTEM32\USERENV.dll
0x000007f856270000 - 0x000007f856284000 	C:\Windows\system32\napinsp.dll
0x000007f851390000 - 0x000007f8513a8000 	C:\Windows\system32\pnrpnsp.dll
0x000007f861ba0000 - 0x000007f861bb6000 	C:\Windows\system32\NLAapi.dll
0x000007f862880000 - 0x000007f862918000 	C:\Windows\SYSTEM32\DNSAPI.dll
0x000007f851370000 - 0x000007f851382000 	C:\Windows\System32\winrnr.dll
0x000007f851350000 - 0x000007f851364000 	C:\Windows\system32\wshbth.dll
0x000007f854d20000 - 0x000007f854d28000 	C:\Windows\System32\rasadhlp.dll
0x000007f8606c0000 - 0x000007f8606ec000 	C:\Windows\SYSTEM32\IPHLPAPI.DLL
0x000007f861a70000 - 0x000007f861a7a000 	C:\Windows\SYSTEM32\WINNSI.DLL
0x000007f85f490000 - 0x000007f85f4ef000 	C:\Windows\System32\fwpuclnt.dll
0x00000000637c0000 - 0x00000000637cd000 	C:\Users\Dominikus\AppData\Local\Temp\jogamp_0000\file_cache\jln3554552451755616236\jln111328997329574163\gluegen-rt.dll
0x00000000623d0000 - 0x00000000623d7000 	C:\Program Files\Java\jdk1.7.0_51\jre\bin\jawt.dll
0x000000006a440000 - 0x000000006a44d000 	C:\Users\Dominikus\AppData\Local\Temp\jogamp_0000\file_cache\jln3554552451755616236\jln111328997329574163\nativewindow_awt.dll
0x000000006c100000 - 0x000000006c10f000 	C:\Users\Dominikus\AppData\Local\Temp\jogamp_0000\file_cache\jln3554552451755616236\jln111328997329574163\nativewindow_win32.dll
0x000007f855680000 - 0x000007f85579f000 	C:\Windows\SYSTEM32\OpenGL32.dll
0x000007f855a80000 - 0x000007f855aac000 	C:\Windows\SYSTEM32\GLU32.dll
0x000007f841f20000 - 0x000007f84200a000 	C:\Windows\SYSTEM32\DDRAW.dll
0x000007f855a50000 - 0x000007f855a58000 	C:\Windows\SYSTEM32\DCIMAN32.dll
0x000000001bfd0000 - 0x000000001c070000 	C:\Users\Dominikus\AppData\Local\Temp\jogamp_0000\file_cache\jln3554552451755616236\jln111328997329574163\jogl_desktop.dll
0x000007f855a30000 - 0x000007f855a48000 	C:\Windows\SYSTEM32\atig6pxx.dll
0x000000001c270000 - 0x000000001ddb0000 	C:\Windows\SYSTEM32\atio6axx.dll
0x000007f865c30000 - 0x000007f865e00000 	C:\Windows\system32\SETUPAPI.dll
0x000007f8635d0000 - 0x000007f86361f000 	C:\Windows\system32\CFGMGR32.dll
0x000007f863620000 - 0x000007f863642000 	C:\Windows\system32\DEVOBJ.dll
0x000007f85e210000 - 0x000007f85e33f000 	C:\Windows\SYSTEM32\atiadlxx.dll
0x000007f860300000 - 0x000007f86045a000 	C:\Windows\SYSTEM32\PROPSYS.dll
0x000007f8624f0000 - 0x000007f862501000 	C:\Windows\SYSTEM32\WTSAPI32.dll
0x000007f863570000 - 0x000007f8635c5000 	C:\Windows\system32\WINTRUST.dll
0x000007f8631e0000 - 0x000007f8633b7000 	C:\Windows\system32\CRYPT32.dll
0x000007f8631c0000 - 0x000007f8631d6000 	C:\Windows\system32\MSASN1.dll
0x000007f8558e0000 - 0x000007f855909000 	C:\Windows\SYSTEM32\atig6txx.dll
0x000007f84a6c0000 - 0x000007f84a823000 	C:\Windows\SYSTEM32\dbghelp.dll

VM Arguments:
jvm_args: -Dfile.encoding=UTF-8 -Djava.library.path=E:\Dominikus\Projects\Dropbox\private\Tugas_Akhir\Code\Setting_Up_JOGL_2\jogl-2.0\lib 
java_command: MainGUI
Launcher Type: SUN_STANDARD

Environment Variables:
PATH=C:\Program Files (x86)\Intel\iCLS Client\;C:\Program Files\Intel\iCLS Client\;C:\Windows\system32;C:\Windows;C:\Windows\System32\Wbem;C:\Windows\System32\WindowsPowerShell\v1.0\;C:\Program Files\Common Files\Autodesk Shared\;C:\Program Files (x86)\Autodesk\Backburner\;C:\Program Files\Intel\Intel(R) Management Engine Components\DAL;C:\Program Files\Intel\Intel(R) Management Engine Components\IPT;C:\Program Files (x86)\Intel\Intel(R) Management Engine Components\DAL;C:\Program Files (x86)\Intel\Intel(R) Management Engine Components\IPT;C:\Program Files (x86)\ATI Technologies\ATI.ACE\Core-Static;C:\Program Files\MiKTeX 2.9\miktex\bin\x64\;C:\Ruby200-x64\bin
USERNAME=Dominikus
OS=Windows_NT
PROCESSOR_IDENTIFIER=Intel64 Family 6 Model 58 Stepping 9, GenuineIntel



---------------  S Y S T E M  ---------------

OS: Windows 8 , 64 bit Build 9200 

CPU:total 8 (4 cores per cpu, 2 threads per core) family 6 model 58 stepping 9, cmov, cx8, fxsr, mmx, sse, sse2, sse3, ssse3, sse4.1, sse4.2, popcnt, avx, aes, erms, ht, tsc, tscinvbit, tscinv

Memory: 4k page, physical 16733676k(5764100k free), swap 19092972k(4171268k free)

vm_info: Java HotSpot(TM) 64-Bit Server VM (24.51-b03) for windows-amd64 JRE (1.7.0_51-b13), built on Dec 18 2013 18:40:56 by "java_re" with unknown MS VC++:1600

time: Mon May 26 01:45:04 2014
elapsed time: 4 seconds

