#
# A fatal error has been detected by the Java Runtime Environment:
#
#  EXCEPTION_ACCESS_VIOLATION (0xc0000005) at pc=0x000000001df4f019, pid=3504, tid=5096
#
# JRE version: Java(TM) SE Runtime Environment (7.0_51-b13) (build 1.7.0_51-b13)
# Java VM: Java HotSpot(TM) 64-Bit Server VM (24.51-b03 mixed mode windows-amd64 compressed oops)
# Problematic frame:
# C  [atio6axx.dll+0x14ef019]
#
# Failed to write core dump. Minidumps are not enabled by default on client versions of Windows
#
# If you would like to submit a bug report, please visit:
#   http://bugreport.sun.com/bugreport/crash.jsp
# The crash happened outside the Java Virtual Machine in native code.
# See problematic frame for where to report the bug.
#

---------------  T H R E A D  ---------------

Current thread (0x0000000011f61000):  JavaThread "AWT-EventQueue-0" [_thread_in_native, id=5096, stack(0x0000000018c40000,0x0000000018d40000)]

siginfo: ExceptionCode=0xc0000005, reading address 0x0000000025648000

Registers:
RAX=0x000000002564b600, RBX=0x00000000256476b8, RCX=0x0000000000003600, RDX=0xfffffffff2ca4238
RSP=0x0000000018d3c8a8, RBP=0x0000000000003f48, RSI=0x0000000025648000, RDI=0x00000000329a3dc8
R8 =0x0000000000003f48, R9 =0x0000000000001518, R10=0x00000000256476b8, R11=0x00000000329a3480
R12=0x0000000000003f80, R13=0x000000002d5f0000, R14=0x0000000000001518, R15=0x0000000000003f48
RIP=0x000000001df4f019, EFLAGS=0x0000000000010203

Top of Stack: (sp=0x0000000018d3c8a8)
0x0000000018d3c8a8:   0000000000001517 00000000329a3480
0x0000000018d3c8b8:   000000001cae17de 0000000000010000
0x0000000018d3c8c8:   0000000000000000 0000000000000000
0x0000000018d3c8d8:   0000000000000000 053b740000000000
0x0000000018d3c8e8:   000000001ee48000 00000000053b8000
0x0000000018d3c8f8:   0000000000000000 000000002d5f0000
0x0000000018d3c908:   000000001e9b2f68 0000000000001500
0x0000000018d3c918:   0000000018d3cde0 000000001f0ad5b0
0x0000000018d3c928:   000000001e9860d0 0000000018d3ca40
0x0000000018d3c938:   000000001d49ae1e 000000002d5f0000
0x0000000018d3c948:   0000000000000000 0000000018d3d250
0x0000000018d3c958:   000000001ed9d400 0000000000003f48
0x0000000018d3c968:   0000000000003f80 000000003f800000
0x0000000018d3c978:   000000001e7c0650 0000000000006ee9
0x0000000018d3c988:   0000000000000000 0000000200000002
0x0000000018d3c998:   0000000200000002 0000000100000001 

Instructions: (pc=0x000000001df4f019)
0x000000001df4eff9:   03 c0 48 3b c8 0f 8c 46 03 00 00 0f ba 25 a0 68
0x000000001df4f009:   49 00 01 73 13 57 56 48 8b f9 49 8b f2 49 8b c8
0x000000001df4f019:   f3 a4 5e 5f 49 8b c3 c3 f6 c1 07 74 36 f6 c1 01
0x000000001df4f029:   74 0b 8a 04 0a 49 ff c8 88 01 48 ff c1 f6 c1 02 


Register to memory mapping:

RAX=0x000000002564b600 is an unknown value
RBX=0x00000000256476b8 is an unknown value
RCX=0x0000000000003600 is an unknown value
RDX=0xfffffffff2ca4238 is an unknown value
RSP=0x0000000018d3c8a8 is pointing into the stack for thread: 0x0000000011f61000
RBP=0x0000000000003f48 is an unknown value
RSI=0x0000000025648000 is an unknown value
RDI=0x00000000329a3dc8 is an unknown value
R8 =0x0000000000003f48 is an unknown value
R9 =0x0000000000001518 is an unknown value
R10=0x00000000256476b8 is an unknown value
R11=0x00000000329a3480 is an unknown value
R12=0x0000000000003f80 is an unknown value
R13=0x000000002d5f0000 is an unknown value
R14=0x0000000000001518 is an unknown value
R15=0x0000000000003f48 is an unknown value


Stack: [0x0000000018c40000,0x0000000018d40000],  sp=0x0000000018d3c8a8,  free space=1010k
Native frames: (J=compiled Java code, j=interpreted, Vv=VM code, C=native code)
C  [atio6axx.dll+0x14ef019]

[error occurred during error reporting (printing native stack), id 0xc0000005]

Java frames: (J=compiled Java code, j=interpreted, Vv=VM code)
j  jogamp.opengl.gl4.GL4bcImpl.dispatch_glTexSubImage2D1(IIIIIIIILjava/lang/Object;IZJ)V+0
j  jogamp.opengl.gl4.GL4bcImpl.glTexSubImage2D(IIIIIIIILjava/nio/Buffer;)V+128
j  com.jogamp.opengl.util.texture.Texture.updateSubImageImpl(Ljavax/media/opengl/GL;Lcom/jogamp/opengl/util/texture/TextureData;IIIIIIII)V+715
j  com.jogamp.opengl.util.texture.Texture.updateImage(Ljavax/media/opengl/GL;Lcom/jogamp/opengl/util/texture/TextureData;I)V+1124
j  com.jogamp.opengl.util.texture.Texture.updateImage(Ljavax/media/opengl/GL;Lcom/jogamp/opengl/util/texture/TextureData;)V+4
j  com.jogamp.opengl.util.texture.Texture.<init>(Ljavax/media/opengl/GL;Lcom/jogamp/opengl/util/texture/TextureData;)V+12
j  com.jogamp.opengl.util.texture.TextureIO.newTexture(Ljavax/media/opengl/GL;Lcom/jogamp/opengl/util/texture/TextureData;)Lcom/jogamp/opengl/util/texture/Texture;+20
j  com.jogamp.opengl.util.texture.TextureIO.newTexture(Ljava/io/File;Z)Lcom/jogamp/opengl/util/texture/Texture;+26
j  TheCanvas.textureDefaultInit()V+269
j  TheCanvas.init(Ljavax/media/opengl/GLAutoDrawable;)V+134
j  jogamp.opengl.GLDrawableHelper.init(Ljavax/media/opengl/GLEventListener;Ljavax/media/opengl/GLAutoDrawable;ZZ)V+2
j  jogamp.opengl.GLDrawableHelper.init(Ljavax/media/opengl/GLAutoDrawable;Z)V+73
j  javax.media.opengl.awt.GLCanvas$9.run()V+26
j  jogamp.opengl.GLDrawableHelper.invokeGLImpl(Ljavax/media/opengl/GLDrawable;Ljavax/media/opengl/GLContext;Ljava/lang/Runnable;Ljava/lang/Runnable;)V+200
j  jogamp.opengl.GLDrawableHelper.invokeGL(Ljavax/media/opengl/GLDrawable;Ljavax/media/opengl/GLContext;Ljava/lang/Runnable;Ljava/lang/Runnable;)V+80
j  javax.media.opengl.awt.GLCanvas$11.run()V+73
j  java.awt.event.InvocationEvent.dispatch()V+11
j  java.awt.EventQueue.dispatchEventImpl(Ljava/awt/AWTEvent;Ljava/lang/Object;)V+21
j  java.awt.EventQueue.access$200(Ljava/awt/EventQueue;Ljava/awt/AWTEvent;Ljava/lang/Object;)V+3
j  java.awt.EventQueue$3.run()Ljava/lang/Void;+12
j  java.awt.EventQueue$3.run()Ljava/lang/Object;+1
v  ~StubRoutines::call_stub
j  java.security.AccessController.doPrivileged(Ljava/security/PrivilegedAction;Ljava/security/AccessControlContext;)Ljava/lang/Object;+0
j  java.security.ProtectionDomain$1.doIntersectionPrivilege(Ljava/security/PrivilegedAction;Ljava/security/AccessControlContext;Ljava/security/AccessControlContext;)Ljava/lang/Object;+28
j  java.awt.EventQueue.dispatchEvent(Ljava/awt/AWTEvent;)V+46
j  java.awt.EventDispatchThread.pumpOneEventForFilters(I)V+245
j  java.awt.EventDispatchThread.pumpEventsForFilter(ILjava/awt/Conditional;Ljava/awt/EventFilter;)V+35
j  java.awt.EventDispatchThread.pumpEventsForHierarchy(ILjava/awt/Conditional;Ljava/awt/Component;)V+11
j  java.awt.EventDispatchThread.pumpEvents(ILjava/awt/Conditional;)V+4
j  java.awt.EventDispatchThread.pumpEvents(Ljava/awt/Conditional;)V+3
j  java.awt.EventDispatchThread.run()V+9
v  ~StubRoutines::call_stub

---------------  P R O C E S S  ---------------

Java Threads: ( => current thread )
  0x0000000019523000 JavaThread "AWT-EventQueue-0-FPSAWTAnimator-Timer0" [_thread_blocked, id=2304, stack(0x000000001ee10000,0x000000001ef10000)]
  0x00000000120ca000 JavaThread "AWT-EventQueue-0-SharedResourceRunner" daemon [_thread_blocked, id=5752, stack(0x000000001c860000,0x000000001c960000)]
  0x0000000019703800 JavaThread "D3D Screen Updater" daemon [_thread_blocked, id=7824, stack(0x0000000019c20000,0x0000000019d20000)]
  0x0000000019499000 JavaThread "TimerQueue" daemon [_thread_blocked, id=5952, stack(0x0000000019920000,0x0000000019a20000)]
  0x0000000011f63000 JavaThread "Image Fetcher 0" daemon [_thread_blocked, id=6956, stack(0x0000000019020000,0x0000000019120000)]
  0x0000000002980800 JavaThread "DestroyJavaVM" [_thread_blocked, id=1512, stack(0x0000000002880000,0x0000000002980000)]
=>0x0000000011f61000 JavaThread "AWT-EventQueue-0" [_thread_in_native, id=5096, stack(0x0000000018c40000,0x0000000018d40000)]
  0x0000000011dd4000 JavaThread "AWT-Windows" daemon [_thread_in_native, id=3560, stack(0x0000000012d80000,0x0000000012e80000)]
  0x0000000011dd3000 JavaThread "AWT-Shutdown" [_thread_blocked, id=7708, stack(0x0000000012c80000,0x0000000012d80000)]
  0x0000000011dd2800 JavaThread "Java2D Disposer" daemon [_thread_blocked, id=6804, stack(0x0000000012b80000,0x0000000012c80000)]
  0x0000000002a72000 JavaThread "Service Thread" daemon [_thread_blocked, id=4600, stack(0x0000000012580000,0x0000000012680000)]
  0x0000000002a6f000 JavaThread "C2 CompilerThread1" daemon [_thread_blocked, id=6876, stack(0x0000000012480000,0x0000000012580000)]
  0x0000000002a6d000 JavaThread "C2 CompilerThread0" daemon [_thread_blocked, id=600, stack(0x0000000012380000,0x0000000012480000)]
  0x0000000002a6c000 JavaThread "Attach Listener" daemon [_thread_blocked, id=4128, stack(0x0000000012280000,0x0000000012380000)]
  0x0000000011da0800 JavaThread "Signal Dispatcher" daemon [_thread_blocked, id=7932, stack(0x0000000012180000,0x0000000012280000)]
  0x000000000fd8f800 JavaThread "Finalizer" daemon [_thread_blocked, id=1960, stack(0x0000000011c80000,0x0000000011d80000)]
  0x000000000fd86800 JavaThread "Reference Handler" daemon [_thread_blocked, id=2468, stack(0x0000000011b80000,0x0000000011c80000)]

Other Threads:
  0x000000000fd85800 VMThread [stack: 0x0000000011a80000,0x0000000011b80000] [id=56]
  0x0000000011db1800 WatcherThread [stack: 0x0000000012680000,0x0000000012780000] [id=5940]

VM state:not at safepoint (normal execution)

VM Mutex/Monitor currently owned by a thread: None

Heap
 PSYoungGen      total 76800K, used 62465K [0x00000007aae00000, 0x00000007b0380000, 0x0000000800000000)
  eden space 66048K, 94% used [0x00000007aae00000,0x00000007aeb007b8,0x00000007aee80000)
  from space 10752K, 0% used [0x00000007af900000,0x00000007af900000,0x00000007b0380000)
  to   space 10752K, 0% used [0x00000007aee80000,0x00000007aee80000,0x00000007af900000)
 ParOldGen       total 174080K, used 0K [0x0000000700a00000, 0x000000070b400000, 0x00000007aae00000)
  object space 174080K, 0% used [0x0000000700a00000,0x0000000700a00000,0x000000070b400000)
 PSPermGen       total 21504K, used 18099K [0x00000006fb800000, 0x00000006fcd00000, 0x0000000700a00000)
  object space 21504K, 84% used [0x00000006fb800000,0x00000006fc9acff8,0x00000006fcd00000)

Card table byte_map: [0x0000000005b40000,0x0000000006370000] byte_map_base: 0x0000000002364000

Polling page: 0x0000000002700000

Code Cache  [0x0000000002a80000, 0x0000000002cf0000, 0x0000000005a80000)
 total_blobs=995 nmethods=174 adapters=773 free_code_cache=47992Kb largest_free_block=49101568

Compilation events (10 events):
Event: 3.150 Thread 0x0000000002a6f000  172             java.lang.Integer::valueOf (54 bytes)
Event: 3.151 Thread 0x0000000002a6f000 nmethod 172 0x0000000002b9edd0 code [0x0000000002b9ef20, 0x0000000002b9f028]
Event: 3.174 Thread 0x0000000002a6d000  173             java.lang.Integer::hashCode (5 bytes)
Event: 3.174 Thread 0x0000000002a6d000 nmethod 173 0x0000000002b9ffd0 code [0x0000000002ba0100, 0x0000000002ba0158]
Event: 3.259 Thread 0x0000000002a6f000  174             jogamp.opengl.util.pngj.FilterType::getByVal (14 bytes)
Event: 3.259 Thread 0x0000000002a6d000  175             jogamp.opengl.util.pngj.PngReader::readRowInt (171 bytes)
Event: 3.260 Thread 0x0000000002a6d000 nmethod 175 0x0000000002ba35d0 code [0x0000000002ba3720, 0x0000000002ba3878]
Event: 3.262 Thread 0x0000000002a6f000 nmethod 174 0x0000000002afe050 code [0x0000000002afe1e0, 0x0000000002afe4a8]
Event: 3.332 Thread 0x0000000002a6d000  176   !         java.util.zip.InflaterInputStream::read (138 bytes)
Event: 3.343 Thread 0x0000000002a6d000 nmethod 176 0x0000000002baa4d0 code [0x0000000002baa6c0, 0x0000000002bab890]

GC Heap History (0 events):
No events

Deoptimization events (10 events):
Event: 1.585 Thread 0x0000000011f61000 Uncommon trap: reason=unreached action=reinterpret pc=0x0000000002b2a3f4 method=java.lang.ThreadLocal$ThreadLocalMap.getEntry(Ljava/lang/ThreadLocal;)Ljava/lang/ThreadLocal$ThreadLocalMap$Entry; @ 21
Event: 1.592 Thread 0x0000000011f61000 Uncommon trap: reason=unreached action=reinterpret pc=0x0000000002b37684 method=java.lang.ThreadLocal$ThreadLocalMap.getEntry(Ljava/lang/ThreadLocal;)Ljava/lang/ThreadLocal$ThreadLocalMap$Entry; @ 21
Event: 2.329 Thread 0x0000000011f61000 Uncommon trap: reason=range_check action=make_not_entrant pc=0x0000000002b94c0c method=com.jogamp.opengl.util.PNGPixelRect.getPixelRGBSame(Ljava/nio/ByteBuffer;I[III)I @ 28
Event: 3.330 Thread 0x0000000011f61000 Uncommon trap: reason=class_check action=maybe_recompile pc=0x0000000002ba6184 method=java.io.BufferedInputStream.read([BII)I @ 101
Event: 3.330 Thread 0x0000000011f61000 Uncommon trap: reason=predicate action=maybe_recompile pc=0x0000000002b96148 method=jogamp.opengl.util.pngj.PngHelperInternal.readBytes(Ljava/io/InputStream;[BII)V @ 14
Event: 3.331 Thread 0x0000000011f61000 Uncommon trap: reason=unloaded action=reinterpret pc=0x0000000002b9d514 method=com.jogamp.opengl.util.PNGPixelRect.read(Ljava/io/InputStream;Ljavax/media/nativewindow/util/PixelFormat;ZIZ)Lcom/jogamp/opengl/util/PNGPixelRect; @ 1284
Event: 3.331 Thread 0x0000000011f61000 Uncommon trap: reason=class_check action=maybe_recompile pc=0x0000000002b99b0c method=java.util.zip.InflaterInputStream.read([BII)I @ 100
Event: 3.331 Thread 0x0000000011f61000 Uncommon trap: reason=class_check action=maybe_recompile pc=0x0000000002b99b0c method=java.util.zip.InflaterInputStream.read([BII)I @ 100
Event: 3.332 Thread 0x0000000011f61000 Uncommon trap: reason=class_check action=maybe_recompile pc=0x0000000002b99b0c method=java.util.zip.InflaterInputStream.read([BII)I @ 100
Event: 3.332 Thread 0x0000000011f61000 Uncommon trap: reason=class_check action=maybe_recompile pc=0x0000000002b99b0c method=java.util.zip.InflaterInputStream.read([BII)I @ 100

Internal exceptions (10 events):
Event: 2.320 Thread 0x0000000011f61000 Threw 0x00000007aea983b0 at C:\re\jdk7u51\527\hotspot\src\share\vm\prims\jvm.cpp:1244
Event: 2.320 Thread 0x0000000011f61000 Threw 0x00000007aea9dd70 at C:\re\jdk7u51\527\hotspot\src\share\vm\prims\jvm.cpp:1244
Event: 2.321 Thread 0x0000000011f61000 Threw 0x00000007aeaa0c30 at C:\re\jdk7u51\527\hotspot\src\share\vm\prims\jvm.cpp:1244
Event: 2.321 Thread 0x0000000011f61000 Threw 0x00000007aeac0270 at C:\re\jdk7u51\527\hotspot\src\share\vm\prims\jvm.cpp:1244
Event: 3.331 Thread 0x0000000011f61000 Threw 0x00000007aeac4628 at C:\re\jdk7u51\527\hotspot\src\share\vm\prims\jvm.cpp:1244
Event: 3.331 Thread 0x0000000011f61000 Threw 0x00000007aeac7e38 at C:\re\jdk7u51\527\hotspot\src\share\vm\prims\jvm.cpp:1244
Event: 3.331 Thread 0x0000000011f61000 Threw 0x00000007aeacbce0 at C:\re\jdk7u51\527\hotspot\src\share\vm\prims\jvm.cpp:1244
Event: 3.332 Thread 0x0000000011f61000 Threw 0x00000007aeace570 at C:\re\jdk7u51\527\hotspot\src\share\vm\prims\jvm.cpp:1244
Event: 3.332 Thread 0x0000000011f61000 Threw 0x00000007aead4490 at C:\re\jdk7u51\527\hotspot\src\share\vm\prims\jvm.cpp:1244
Event: 3.333 Thread 0x0000000011f61000 Threw 0x00000007aead7f80 at C:\re\jdk7u51\527\hotspot\src\share\vm\prims\jvm.cpp:1244

Events (10 events):
Event: 3.332 Thread 0x0000000011f61000 DEOPT UNPACKING pc=0x0000000002ab75a4 sp=0x0000000018d3be08 mode 2
Event: 3.332 loading class 0x00000000195d9600
Event: 3.332 loading class 0x00000000195d9600 done
Event: 3.332 Thread 0x0000000011f61000 Uncommon trap: trap_request=0xffffffde fr.pc=0x0000000002b99b0c
Event: 3.332 Thread 0x0000000011f61000 DEOPT PACKING pc=0x0000000002b99b0c sp=0x0000000018d3bed0
Event: 3.332 Thread 0x0000000011f61000 DEOPT UNPACKING pc=0x0000000002ab75a4 sp=0x0000000018d3beb8 mode 2
Event: 3.332 loading class 0x0000000019401d60
Event: 3.332 loading class 0x0000000019401d60 done
Event: 3.333 loading class 0x00000000193ef510
Event: 3.333 loading class 0x00000000193ef510 done


Dynamic libraries:
0x000007f66d910000 - 0x000007f66d943000 	C:\Program Files\Java\jdk1.7.0_51\bin\java.exe
0x000007f8661e0000 - 0x000007f86639e000 	C:\Windows\SYSTEM32\ntdll.dll
0x000007f864470000 - 0x000007f8645a6000 	C:\Windows\system32\KERNEL32.DLL
0x000007f8633c0000 - 0x000007f8634b3000 	C:\Windows\system32\KERNELBASE.dll
0x000007f8646f0000 - 0x000007f8647ce000 	C:\Windows\system32\ADVAPI32.dll
0x000007f863db0000 - 0x000007f863efc000 	C:\Windows\system32\USER32.dll
0x000007f8609a0000 - 0x000007f860c09000 	C:\Windows\WinSxS\amd64_microsoft.windows.common-controls_6595b64144ccf1df_6.0.9200.16384_none_418c2a697189c07f\COMCTL32.dll
0x000007f8647d0000 - 0x000007f864875000 	C:\Windows\system32\msvcrt.dll
0x000007f863d00000 - 0x000007f863d48000 	C:\Windows\SYSTEM32\sechost.dll
0x000007f863bc0000 - 0x000007f863d00000 	C:\Windows\system32\RPCRT4.dll
0x000007f865eb0000 - 0x000007f865ff0000 	C:\Windows\system32\GDI32.dll
0x000007f865be0000 - 0x000007f865c19000 	C:\Windows\system32\IMM32.DLL
0x000007f863650000 - 0x000007f863764000 	C:\Windows\system32\MSCTF.dll
0x0000000061a80000 - 0x0000000061b52000 	C:\Program Files\Java\jdk1.7.0_51\jre\bin\msvcr100.dll
0x0000000061b60000 - 0x0000000062329000 	C:\Program Files\Java\jdk1.7.0_51\jre\bin\server\jvm.dll
0x000007f851f00000 - 0x000007f851f09000 	C:\Windows\SYSTEM32\WSOCK32.dll
0x000007f85fe60000 - 0x000007f85fe80000 	C:\Windows\SYSTEM32\WINMM.dll
0x000007f8648e0000 - 0x000007f8648e7000 	C:\Windows\system32\PSAPI.DLL
0x000007f863d50000 - 0x000007f863da8000 	C:\Windows\system32\WS2_32.dll
0x000007f85e8c0000 - 0x000007f85e8f2000 	C:\Windows\SYSTEM32\WINMMBASE.dll
0x000007f8645b0000 - 0x000007f8645b9000 	C:\Windows\system32\NSI.dll
0x0000000061a30000 - 0x0000000061a3f000 	C:\Program Files\Java\jdk1.7.0_51\jre\bin\verify.dll
0x0000000061a00000 - 0x0000000061a28000 	C:\Program Files\Java\jdk1.7.0_51\jre\bin\java.dll
0x00000000619e0000 - 0x00000000619f5000 	C:\Program Files\Java\jdk1.7.0_51\jre\bin\zip.dll
0x0000000061800000 - 0x0000000061995000 	C:\Program Files\Java\jdk1.7.0_51\jre\bin\awt.dll
0x000007f8645d0000 - 0x000007f864693000 	C:\Windows\system32\OLEAUT32.dll
0x000007f8642c0000 - 0x000007f864470000 	C:\Windows\system32\combase.dll
0x000007f85e340000 - 0x000007f85e3df000 	C:\Windows\system32\apphelp.dll
0x000007f861fb0000 - 0x000007f862093000 	C:\Windows\system32\uxtheme.dll
0x00000000640a0000 - 0x00000000640d4000 	F:\Fraps\fraps64.dll
0x000007f861280000 - 0x000007f8612a1000 	C:\Windows\SYSTEM32\dwmapi.dll
0x000007f865ff0000 - 0x000007f86616e000 	C:\Windows\system32\ole32.dll
0x000007f863030000 - 0x000007f86303a000 	C:\Windows\SYSTEM32\CRYPTBASE.dll
0x000007f862fd0000 - 0x000007f86302c000 	C:\Windows\SYSTEM32\bcryptPrimitives.dll
0x000007f844e20000 - 0x000007f845020000 	C:\Windows\system32\d3d9.dll
0x000007f85f260000 - 0x000007f85f269000 	C:\Windows\SYSTEM32\VERSION.dll
0x000007f85f270000 - 0x000007f85f3bb000 	C:\Windows\SYSTEM32\aticfx64.dll
0x000007f84c810000 - 0x000007f84c831000 	C:\Windows\SYSTEM32\atiu9p64.dll
0x000007f844320000 - 0x000007f844ac1000 	C:\Windows\SYSTEM32\atiumd64.dll
0x0000000064120000 - 0x0000000064857000 	C:\Windows\SYSTEM32\atiumd6a.dll
0x000007f8648f0000 - 0x000007f865bd5000 	C:\Windows\system32\SHELL32.dll
0x000007f8646a0000 - 0x000007f8646f0000 	C:\Windows\system32\SHLWAPI.dll
0x000007f861470000 - 0x000007f861506000 	C:\Windows\SYSTEM32\shcore.dll
0x00000000617b0000 - 0x00000000617f7000 	C:\Program Files\Java\jdk1.7.0_51\jre\bin\fontmanager.dll
0x00000000619c0000 - 0x00000000619d9000 	C:\Program Files\Java\jdk1.7.0_51\jre\bin\net.dll
0x000007f862a40000 - 0x000007f862a9c000 	C:\Windows\system32\mswsock.dll
0x00000000619a0000 - 0x00000000619b1000 	C:\Program Files\Java\jdk1.7.0_51\jre\bin\nio.dll
0x0000000061760000 - 0x00000000617a1000 	C:\Program Files\Java\jdk1.7.0_51\jre\bin\t2k.dll
0x000007f8638f0000 - 0x000007f863986000 	C:\Windows\SYSTEM32\clbcatq.dll
0x000007f85ee80000 - 0x000007f85f00a000 	C:\Windows\SYSTEM32\WindowsCodecs.dll
0x000007f863110000 - 0x000007f863125000 	C:\Windows\SYSTEM32\profapi.dll
0x000007f862aa0000 - 0x000007f862aba000 	C:\Windows\SYSTEM32\CRYPTSP.dll
0x000007f8626d0000 - 0x000007f862719000 	C:\Windows\system32\rsaenh.dll
0x000007f8627d0000 - 0x000007f8627ef000 	C:\Windows\SYSTEM32\USERENV.dll
0x000007f856270000 - 0x000007f856284000 	C:\Windows\system32\napinsp.dll
0x000007f851390000 - 0x000007f8513a8000 	C:\Windows\system32\pnrpnsp.dll
0x000007f861ba0000 - 0x000007f861bb6000 	C:\Windows\system32\NLAapi.dll
0x000007f862880000 - 0x000007f862918000 	C:\Windows\SYSTEM32\DNSAPI.dll
0x000007f851370000 - 0x000007f851382000 	C:\Windows\System32\winrnr.dll
0x000007f851350000 - 0x000007f851364000 	C:\Windows\system32\wshbth.dll
0x000007f854d20000 - 0x000007f854d28000 	C:\Windows\System32\rasadhlp.dll
0x000007f8606c0000 - 0x000007f8606ec000 	C:\Windows\SYSTEM32\IPHLPAPI.DLL
0x000007f861a70000 - 0x000007f861a7a000 	C:\Windows\SYSTEM32\WINNSI.DLL
0x000007f85f490000 - 0x000007f85f4ef000 	C:\Windows\System32\fwpuclnt.dll
0x00000000637c0000 - 0x00000000637cd000 	C:\Users\Dominikus\AppData\Local\Temp\jogamp_0000\file_cache\jln2487407193578283424\jln8627130529820170426\gluegen-rt.dll
0x00000000623d0000 - 0x00000000623d7000 	C:\Program Files\Java\jdk1.7.0_51\jre\bin\jawt.dll
0x000000006a440000 - 0x000000006a44d000 	C:\Users\Dominikus\AppData\Local\Temp\jogamp_0000\file_cache\jln2487407193578283424\jln8627130529820170426\nativewindow_awt.dll
0x000000006c100000 - 0x000000006c10f000 	C:\Users\Dominikus\AppData\Local\Temp\jogamp_0000\file_cache\jln2487407193578283424\jln8627130529820170426\nativewindow_win32.dll
0x000007f855680000 - 0x000007f85579f000 	C:\Windows\SYSTEM32\OpenGL32.dll
0x000007f855a80000 - 0x000007f855aac000 	C:\Windows\SYSTEM32\GLU32.dll
0x000007f841f20000 - 0x000007f84200a000 	C:\Windows\SYSTEM32\DDRAW.dll
0x000007f855a50000 - 0x000007f855a58000 	C:\Windows\SYSTEM32\DCIMAN32.dll
0x000000001c7c0000 - 0x000000001c860000 	C:\Users\Dominikus\AppData\Local\Temp\jogamp_0000\file_cache\jln2487407193578283424\jln8627130529820170426\jogl_desktop.dll
0x000007f855a30000 - 0x000007f855a48000 	C:\Windows\SYSTEM32\atig6pxx.dll
0x000000001ca60000 - 0x000000001e5a0000 	C:\Windows\SYSTEM32\atio6axx.dll
0x000007f865c30000 - 0x000007f865e00000 	C:\Windows\system32\SETUPAPI.dll
0x000007f8635d0000 - 0x000007f86361f000 	C:\Windows\system32\CFGMGR32.dll
0x000007f863620000 - 0x000007f863642000 	C:\Windows\system32\DEVOBJ.dll
0x000007f85e210000 - 0x000007f85e33f000 	C:\Windows\SYSTEM32\atiadlxx.dll
0x000007f860300000 - 0x000007f86045a000 	C:\Windows\SYSTEM32\PROPSYS.dll
0x000007f8624f0000 - 0x000007f862501000 	C:\Windows\SYSTEM32\WTSAPI32.dll
0x000007f863570000 - 0x000007f8635c5000 	C:\Windows\system32\WINTRUST.dll
0x000007f8631e0000 - 0x000007f8633b7000 	C:\Windows\system32\CRYPT32.dll
0x000007f8631c0000 - 0x000007f8631d6000 	C:\Windows\system32\MSASN1.dll
0x000007f8558e0000 - 0x000007f855909000 	C:\Windows\SYSTEM32\atig6txx.dll
0x000007f84a6c0000 - 0x000007f84a823000 	C:\Windows\SYSTEM32\dbghelp.dll

VM Arguments:
jvm_args: -Dfile.encoding=UTF-8 -Djava.library.path=E:\Dominikus\Projects\Dropbox\private\Tugas_Akhir\Code\Setting_Up_JOGL_2\jogl-2.0\lib 
java_command: MainGUI
Launcher Type: SUN_STANDARD

Environment Variables:
PATH=C:\Program Files (x86)\Intel\iCLS Client\;C:\Program Files\Intel\iCLS Client\;C:\Windows\system32;C:\Windows;C:\Windows\System32\Wbem;C:\Windows\System32\WindowsPowerShell\v1.0\;C:\Program Files\Common Files\Autodesk Shared\;C:\Program Files (x86)\Autodesk\Backburner\;C:\Program Files\Intel\Intel(R) Management Engine Components\DAL;C:\Program Files\Intel\Intel(R) Management Engine Components\IPT;C:\Program Files (x86)\Intel\Intel(R) Management Engine Components\DAL;C:\Program Files (x86)\Intel\Intel(R) Management Engine Components\IPT;C:\Program Files (x86)\ATI Technologies\ATI.ACE\Core-Static;C:\Program Files\MiKTeX 2.9\miktex\bin\x64\;C:\Ruby200-x64\bin
USERNAME=Dominikus
OS=Windows_NT
PROCESSOR_IDENTIFIER=Intel64 Family 6 Model 58 Stepping 9, GenuineIntel



---------------  S Y S T E M  ---------------

OS: Windows 8 , 64 bit Build 9200 

CPU:total 8 (4 cores per cpu, 2 threads per core) family 6 model 58 stepping 9, cmov, cx8, fxsr, mmx, sse, sse2, sse3, ssse3, sse4.1, sse4.2, popcnt, avx, aes, erms, ht, tsc, tscinvbit, tscinv

Memory: 4k page, physical 16733676k(11310248k free), swap 19092972k(4190668k free)

vm_info: Java HotSpot(TM) 64-Bit Server VM (24.51-b03) for windows-amd64 JRE (1.7.0_51-b13), built on Dec 18 2013 18:40:56 by "java_re" with unknown MS VC++:1600

time: Mon May 26 01:50:58 2014
elapsed time: 3 seconds

